{"/Users/mservidio/Git/bq-datashare-toolkit/entitlements/bqdsEntitlements/bigqueryUtil.js":{"path":"/Users/mservidio/Git/bq-datashare-toolkit/entitlements/bqdsEntitlements/bigqueryUtil.js","statementMap":{"0":{"start":{"line":19,"column":21},"end":{"line":19,"column":54}},"1":{"start":{"line":20,"column":29},"end":{"line":20,"column":62}},"2":{"start":{"line":22,"column":18},"end":{"line":25,"column":1}},"3":{"start":{"line":33,"column":4},"end":{"line":37,"column":5}},"4":{"start":{"line":34,"column":8},"end":{"line":36,"column":11}},"5":{"start":{"line":44,"column":18},"end":{"line":44,"column":62}},"6":{"start":{"line":45,"column":4},"end":{"line":47,"column":5}},"7":{"start":{"line":46,"column":8},"end":{"line":46,"column":85}},"8":{"start":{"line":48,"column":4},"end":{"line":48,"column":39}},"9":{"start":{"line":55,"column":15},"end":{"line":55,"column":25}},"10":{"start":{"line":56,"column":4},"end":{"line":66,"column":5}},"11":{"start":{"line":57,"column":20},"end":{"line":57,"column":43}},"12":{"start":{"line":58,"column":20},"end":{"line":58,"column":37}},"13":{"start":{"line":59,"column":8},"end":{"line":65,"column":9}},"14":{"start":{"line":61,"column":12},"end":{"line":61,"column":53}},"15":{"start":{"line":64,"column":12},"end":{"line":64,"column":44}},"16":{"start":{"line":68,"column":20},"end":{"line":70,"column":5}},"17":{"start":{"line":72,"column":4},"end":{"line":80,"column":5}},"18":{"start":{"line":73,"column":23},"end":{"line":73,"column":50}},"19":{"start":{"line":74,"column":8},"end":{"line":74,"column":20}},"20":{"start":{"line":76,"column":8},"end":{"line":78,"column":9}},"21":{"start":{"line":77,"column":12},"end":{"line":77,"column":75}},"22":{"start":{"line":79,"column":8},"end":{"line":79,"column":21}},"23":{"start":{"line":89,"column":20},"end":{"line":92,"column":5}},"24":{"start":{"line":93,"column":19},"end":{"line":93,"column":46}},"25":{"start":{"line":94,"column":18},"end":{"line":94,"column":20}},"26":{"start":{"line":95,"column":4},"end":{"line":95,"column":55}},"27":{"start":{"line":95,"column":24},"end":{"line":95,"column":53}},"28":{"start":{"line":96,"column":4},"end":{"line":96,"column":19}},"29":{"start":{"line":104,"column":4},"end":{"line":104,"column":77}},"30":{"start":{"line":112,"column":4},"end":{"line":112,"column":70}},"31":{"start":{"line":125,"column":4},"end":{"line":138,"column":5}},"32":{"start":{"line":126,"column":24},"end":{"line":129,"column":9}},"33":{"start":{"line":130,"column":23},"end":{"line":130,"column":50}},"34":{"start":{"line":131,"column":8},"end":{"line":133,"column":9}},"35":{"start":{"line":132,"column":12},"end":{"line":132,"column":24}},"36":{"start":{"line":135,"column":8},"end":{"line":137,"column":9}},"37":{"start":{"line":136,"column":12},"end":{"line":136,"column":65}},"38":{"start":{"line":139,"column":4},"end":{"line":139,"column":17}},"39":{"start":{"line":145,"column":4},"end":{"line":145,"column":40}},"40":{"start":{"line":152,"column":24},"end":{"line":152,"column":26}},"41":{"start":{"line":153,"column":4},"end":{"line":155,"column":5}},"42":{"start":{"line":154,"column":8},"end":{"line":154,"column":31}},"43":{"start":{"line":156,"column":4},"end":{"line":158,"column":5}},"44":{"start":{"line":157,"column":8},"end":{"line":157,"column":59}},"45":{"start":{"line":159,"column":16},"end":{"line":161,"column":6}},"46":{"start":{"line":160,"column":8},"end":{"line":160,"column":68}},"47":{"start":{"line":162,"column":4},"end":{"line":162,"column":31}},"48":{"start":{"line":169,"column":20},"end":{"line":169,"column":53}},"49":{"start":{"line":173,"column":4},"end":{"line":178,"column":7}},"50":{"start":{"line":174,"column":25},"end":{"line":174,"column":32}},"51":{"start":{"line":175,"column":28},"end":{"line":175,"column":35}},"52":{"start":{"line":176,"column":8},"end":{"line":176,"column":29}},"53":{"start":{"line":177,"column":8},"end":{"line":177,"column":15}},"54":{"start":{"line":181,"column":4},"end":{"line":183,"column":5}},"55":{"start":{"line":182,"column":8},"end":{"line":182,"column":117}},"56":{"start":{"line":185,"column":4},"end":{"line":185,"column":21}},"57":{"start":{"line":193,"column":20},"end":{"line":193,"column":53}},"58":{"start":{"line":194,"column":18},"end":{"line":194,"column":40}},"59":{"start":{"line":197,"column":17},"end":{"line":197,"column":21}},"60":{"start":{"line":198,"column":24},"end":{"line":198,"column":28}},"61":{"start":{"line":199,"column":22},"end":{"line":199,"column":26}},"62":{"start":{"line":200,"column":16},"end":{"line":200,"column":21}},"63":{"start":{"line":203,"column":4},"end":{"line":223,"column":5}},"64":{"start":{"line":205,"column":8},"end":{"line":210,"column":11}},"65":{"start":{"line":206,"column":30},"end":{"line":206,"column":37}},"66":{"start":{"line":207,"column":32},"end":{"line":207,"column":39}},"67":{"start":{"line":208,"column":12},"end":{"line":208,"column":33}},"68":{"start":{"line":209,"column":12},"end":{"line":209,"column":19}},"69":{"start":{"line":212,"column":8},"end":{"line":212,"column":23}},"70":{"start":{"line":213,"column":8},"end":{"line":213,"column":21}},"71":{"start":{"line":214,"column":8},"end":{"line":214,"column":35}},"72":{"start":{"line":215,"column":8},"end":{"line":222,"column":9}},"73":{"start":{"line":216,"column":12},"end":{"line":221,"column":13}},"74":{"start":{"line":217,"column":16},"end":{"line":217,"column":38}},"75":{"start":{"line":219,"column":17},"end":{"line":221,"column":13}},"76":{"start":{"line":220,"column":16},"end":{"line":220,"column":36}},"77":{"start":{"line":225,"column":4},"end":{"line":227,"column":5}},"78":{"start":{"line":226,"column":8},"end":{"line":226,"column":142}},"79":{"start":{"line":229,"column":4},"end":{"line":229,"column":81}},"80":{"start":{"line":242,"column":4},"end":{"line":248,"column":5}},"81":{"start":{"line":243,"column":23},"end":{"line":243,"column":70}},"82":{"start":{"line":244,"column":8},"end":{"line":247,"column":9}},"83":{"start":{"line":245,"column":12},"end":{"line":245,"column":74}},"84":{"start":{"line":246,"column":12},"end":{"line":246,"column":50}},"85":{"start":{"line":251,"column":18},"end":{"line":258,"column":5}},"86":{"start":{"line":260,"column":4},"end":{"line":262,"column":5}},"87":{"start":{"line":261,"column":8},"end":{"line":261,"column":99}},"88":{"start":{"line":264,"column":4},"end":{"line":266,"column":5}},"89":{"start":{"line":265,"column":8},"end":{"line":265,"column":48}},"90":{"start":{"line":268,"column":4},"end":{"line":278,"column":5}},"91":{"start":{"line":269,"column":24},"end":{"line":271,"column":42}},"92":{"start":{"line":273,"column":8},"end":{"line":273,"column":51}},"93":{"start":{"line":274,"column":8},"end":{"line":274,"column":59}},"94":{"start":{"line":276,"column":8},"end":{"line":276,"column":79}},"95":{"start":{"line":277,"column":8},"end":{"line":277,"column":34}},"96":{"start":{"line":288,"column":20},"end":{"line":291,"column":5}},"97":{"start":{"line":294,"column":20},"end":{"line":296,"column":38}},"98":{"start":{"line":298,"column":4},"end":{"line":298,"column":46}},"99":{"start":{"line":299,"column":4},"end":{"line":299,"column":16}},"100":{"start":{"line":307,"column":4},"end":{"line":318,"column":5}},"101":{"start":{"line":308,"column":8},"end":{"line":311,"column":22}},"102":{"start":{"line":313,"column":8},"end":{"line":313,"column":48}},"103":{"start":{"line":314,"column":8},"end":{"line":314,"column":20}},"104":{"start":{"line":316,"column":8},"end":{"line":316,"column":78}},"105":{"start":{"line":317,"column":8},"end":{"line":317,"column":21}},"106":{"start":{"line":333,"column":4},"end":{"line":333,"column":142}},"107":{"start":{"line":336,"column":19},"end":{"line":336,"column":60}},"108":{"start":{"line":337,"column":29},"end":{"line":337,"column":34}},"109":{"start":{"line":338,"column":4},"end":{"line":390,"column":5}},"110":{"start":{"line":339,"column":30},"end":{"line":339,"column":35}},"111":{"start":{"line":341,"column":16},"end":{"line":341,"column":38}},"112":{"start":{"line":342,"column":8},"end":{"line":377,"column":9}},"113":{"start":{"line":343,"column":20},"end":{"line":343,"column":38}},"114":{"start":{"line":344,"column":12},"end":{"line":376,"column":13}},"115":{"start":{"line":346,"column":16},"end":{"line":375,"column":17}},"116":{"start":{"line":347,"column":20},"end":{"line":362,"column":21}},"117":{"start":{"line":349,"column":24},"end":{"line":349,"column":47}},"118":{"start":{"line":350,"column":24},"end":{"line":350,"column":53}},"119":{"start":{"line":352,"column":24},"end":{"line":354,"column":25}},"120":{"start":{"line":353,"column":28},"end":{"line":353,"column":180}},"121":{"start":{"line":357,"column":24},"end":{"line":357,"column":50}},"122":{"start":{"line":359,"column":24},"end":{"line":361,"column":25}},"123":{"start":{"line":360,"column":28},"end":{"line":360,"column":186}},"124":{"start":{"line":366,"column":40},"end":{"line":366,"column":108}},"125":{"start":{"line":367,"column":20},"end":{"line":374,"column":21}},"126":{"start":{"line":368,"column":24},"end":{"line":368,"column":149}},"127":{"start":{"line":369,"column":24},"end":{"line":369,"column":47}},"128":{"start":{"line":370,"column":24},"end":{"line":370,"column":53}},"129":{"start":{"line":373,"column":24},"end":{"line":373,"column":142}},"130":{"start":{"line":379,"column":8},"end":{"line":385,"column":9}},"131":{"start":{"line":380,"column":12},"end":{"line":380,"column":92}},"132":{"start":{"line":381,"column":12},"end":{"line":381,"column":64}},"133":{"start":{"line":384,"column":12},"end":{"line":384,"column":65}},"134":{"start":{"line":388,"column":8},"end":{"line":388,"column":75}},"135":{"start":{"line":389,"column":8},"end":{"line":389,"column":29}},"136":{"start":{"line":392,"column":4},"end":{"line":396,"column":5}},"137":{"start":{"line":393,"column":8},"end":{"line":393,"column":133}},"138":{"start":{"line":394,"column":8},"end":{"line":394,"column":60}},"139":{"start":{"line":395,"column":8},"end":{"line":395,"column":148}},"140":{"start":{"line":404,"column":18},"end":{"line":404,"column":23}},"141":{"start":{"line":405,"column":20},"end":{"line":405,"column":53}},"142":{"start":{"line":407,"column":4},"end":{"line":409,"column":5}},"143":{"start":{"line":408,"column":8},"end":{"line":408,"column":105}},"144":{"start":{"line":412,"column":4},"end":{"line":416,"column":7}},"145":{"start":{"line":413,"column":28},"end":{"line":413,"column":35}},"146":{"start":{"line":414,"column":8},"end":{"line":414,"column":23}},"147":{"start":{"line":415,"column":8},"end":{"line":415,"column":15}},"148":{"start":{"line":419,"column":4},"end":{"line":419,"column":74}},"149":{"start":{"line":420,"column":4},"end":{"line":420,"column":19}},"150":{"start":{"line":428,"column":4},"end":{"line":448,"column":5}},"151":{"start":{"line":430,"column":8},"end":{"line":441,"column":9}},"152":{"start":{"line":431,"column":12},"end":{"line":434,"column":14}},"153":{"start":{"line":435,"column":12},"end":{"line":435,"column":103}},"154":{"start":{"line":438,"column":12},"end":{"line":440,"column":14}},"155":{"start":{"line":442,"column":26},"end":{"line":442,"column":82}},"156":{"start":{"line":443,"column":8},"end":{"line":443,"column":54}},"157":{"start":{"line":444,"column":8},"end":{"line":444,"column":20}},"158":{"start":{"line":446,"column":8},"end":{"line":446,"column":64}},"159":{"start":{"line":447,"column":8},"end":{"line":447,"column":21}},"160":{"start":{"line":455,"column":4},"end":{"line":465,"column":5}},"161":{"start":{"line":456,"column":8},"end":{"line":458,"column":37}},"162":{"start":{"line":460,"column":8},"end":{"line":460,"column":52}},"163":{"start":{"line":461,"column":8},"end":{"line":461,"column":20}},"164":{"start":{"line":463,"column":8},"end":{"line":463,"column":82}},"165":{"start":{"line":464,"column":8},"end":{"line":464,"column":21}},"166":{"start":{"line":474,"column":18},"end":{"line":474,"column":23}},"167":{"start":{"line":475,"column":20},"end":{"line":475,"column":53}},"168":{"start":{"line":476,"column":18},"end":{"line":476,"column":40}},"169":{"start":{"line":479,"column":4},"end":{"line":481,"column":5}},"170":{"start":{"line":480,"column":8},"end":{"line":480,"column":114}},"171":{"start":{"line":484,"column":4},"end":{"line":489,"column":7}},"172":{"start":{"line":485,"column":33},"end":{"line":485,"column":40}},"173":{"start":{"line":486,"column":28},"end":{"line":486,"column":35}},"174":{"start":{"line":487,"column":8},"end":{"line":487,"column":37}},"175":{"start":{"line":488,"column":8},"end":{"line":488,"column":15}},"176":{"start":{"line":492,"column":4},"end":{"line":492,"column":83}},"177":{"start":{"line":493,"column":4},"end":{"line":493,"column":19}},"178":{"start":{"line":501,"column":21},"end":{"line":501,"column":56}},"179":{"start":{"line":502,"column":4},"end":{"line":505,"column":5}},"180":{"start":{"line":503,"column":25},"end":{"line":503,"column":50}},"181":{"start":{"line":504,"column":8},"end":{"line":504,"column":26}},"182":{"start":{"line":506,"column":4},"end":{"line":506,"column":16}},"183":{"start":{"line":515,"column":22},"end":{"line":515,"column":64}},"184":{"start":{"line":516,"column":21},"end":{"line":516,"column":39}},"185":{"start":{"line":517,"column":4},"end":{"line":520,"column":5}},"186":{"start":{"line":518,"column":25},"end":{"line":518,"column":50}},"187":{"start":{"line":519,"column":8},"end":{"line":519,"column":26}},"188":{"start":{"line":521,"column":4},"end":{"line":521,"column":16}},"189":{"start":{"line":525,"column":20},"end":{"line":525,"column":53}},"190":{"start":{"line":526,"column":18},"end":{"line":526,"column":40}},"191":{"start":{"line":527,"column":4},"end":{"line":527,"column":29}},"192":{"start":{"line":530,"column":0},"end":{"line":551,"column":2}},"193":{"start":{"line":553,"column":0},"end":{"line":555,"column":1}},"194":{"start":{"line":554,"column":4},"end":{"line":554,"column":47}}},"fnMap":{"0":{"name":"init","decl":{"start":{"line":32,"column":9},"end":{"line":32,"column":13}},"loc":{"start":{"line":32,"column":25},"end":{"line":38,"column":1}},"line":32},"1":{"name":"executeQuery","decl":{"start":{"line":43,"column":15},"end":{"line":43,"column":27}},"loc":{"start":{"line":43,"column":37},"end":{"line":49,"column":1}},"line":43},"2":{"name":"validateQuery","decl":{"start":{"line":54,"column":15},"end":{"line":54,"column":28}},"loc":{"start":{"line":54,"column":41},"end":{"line":81,"column":1}},"line":54},"3":{"name":"tableColumns","decl":{"start":{"line":88,"column":15},"end":{"line":88,"column":27}},"loc":{"start":{"line":88,"column":48},"end":{"line":97,"column":1}},"line":88},"4":{"name":"(anonymous_4)","decl":{"start":{"line":95,"column":17},"end":{"line":95,"column":18}},"loc":{"start":{"line":95,"column":24},"end":{"line":95,"column":53}},"line":95},"5":{"name":"tableExists","decl":{"start":{"line":103,"column":15},"end":{"line":103,"column":26}},"loc":{"start":{"line":103,"column":58},"end":{"line":105,"column":1}},"line":103},"6":{"name":"viewExists","decl":{"start":{"line":111,"column":15},"end":{"line":111,"column":25}},"loc":{"start":{"line":111,"column":56},"end":{"line":113,"column":1}},"line":111},"7":{"name":"objectExists","decl":{"start":{"line":124,"column":15},"end":{"line":124,"column":27}},"loc":{"start":{"line":124,"column":70},"end":{"line":140,"column":1}},"line":124},"8":{"name":"getDatasets","decl":{"start":{"line":144,"column":15},"end":{"line":144,"column":26}},"loc":{"start":{"line":144,"column":29},"end":{"line":146,"column":1}},"line":144},"9":{"name":"datasetExists","decl":{"start":{"line":151,"column":15},"end":{"line":151,"column":28}},"loc":{"start":{"line":151,"column":50},"end":{"line":163,"column":1}},"line":151},"10":{"name":"(anonymous_10)","decl":{"start":{"line":159,"column":33},"end":{"line":159,"column":34}},"loc":{"start":{"line":159,"column":46},"end":{"line":161,"column":5}},"line":159},"11":{"name":"getDatasetMetadata","decl":{"start":{"line":168,"column":15},"end":{"line":168,"column":33}},"loc":{"start":{"line":168,"column":45},"end":{"line":186,"column":1}},"line":168},"12":{"name":"(anonymous_12)","decl":{"start":{"line":173,"column":37},"end":{"line":173,"column":38}},"loc":{"start":{"line":173,"column":47},"end":{"line":178,"column":5}},"line":173},"13":{"name":"getTableMetadata","decl":{"start":{"line":192,"column":15},"end":{"line":192,"column":31}},"loc":{"start":{"line":192,"column":52},"end":{"line":230,"column":1}},"line":192},"14":{"name":"(anonymous_14)","decl":{"start":{"line":205,"column":39},"end":{"line":205,"column":40}},"loc":{"start":{"line":205,"column":49},"end":{"line":210,"column":9}},"line":205},"15":{"name":"createView","decl":{"start":{"line":241,"column":15},"end":{"line":241,"column":25}},"loc":{"start":{"line":241,"column":115},"end":{"line":279,"column":1}},"line":241},"16":{"name":"createTable","decl":{"start":{"line":286,"column":15},"end":{"line":286,"column":26}},"loc":{"start":{"line":286,"column":55},"end":{"line":300,"column":1}},"line":286},"17":{"name":"deleteTable","decl":{"start":{"line":306,"column":15},"end":{"line":306,"column":26}},"loc":{"start":{"line":306,"column":47},"end":{"line":319,"column":1}},"line":306},"18":{"name":"shareAuthorizeView","decl":{"start":{"line":332,"column":15},"end":{"line":332,"column":33}},"loc":{"start":{"line":332,"column":125},"end":{"line":397,"column":1}},"line":332},"19":{"name":"setDatasetMetadata","decl":{"start":{"line":403,"column":15},"end":{"line":403,"column":33}},"loc":{"start":{"line":403,"column":55},"end":{"line":421,"column":1}},"line":403},"20":{"name":"(anonymous_20)","decl":{"start":{"line":412,"column":45},"end":{"line":412,"column":46}},"loc":{"start":{"line":412,"column":55},"end":{"line":416,"column":5}},"line":412},"21":{"name":"createDataset","decl":{"start":{"line":427,"column":15},"end":{"line":427,"column":28}},"loc":{"start":{"line":427,"column":61},"end":{"line":449,"column":1}},"line":427},"22":{"name":"deleteDataset","decl":{"start":{"line":454,"column":15},"end":{"line":454,"column":28}},"loc":{"start":{"line":454,"column":40},"end":{"line":466,"column":1}},"line":454},"23":{"name":"setTableMetadata","decl":{"start":{"line":473,"column":15},"end":{"line":473,"column":31}},"loc":{"start":{"line":473,"column":62},"end":{"line":494,"column":1}},"line":473},"24":{"name":"(anonymous_24)","decl":{"start":{"line":484,"column":43},"end":{"line":484,"column":44}},"loc":{"start":{"line":484,"column":53},"end":{"line":489,"column":5}},"line":484},"25":{"name":"getDatasetLabelValue","decl":{"start":{"line":500,"column":15},"end":{"line":500,"column":35}},"loc":{"start":{"line":500,"column":57},"end":{"line":507,"column":1}},"line":500},"26":{"name":"getTableLabelValue","decl":{"start":{"line":514,"column":15},"end":{"line":514,"column":33}},"loc":{"start":{"line":514,"column":64},"end":{"line":522,"column":1}},"line":514},"27":{"name":"insertRows","decl":{"start":{"line":524,"column":15},"end":{"line":524,"column":25}},"loc":{"start":{"line":524,"column":52},"end":{"line":528,"column":1}},"line":524}},"branchMap":{"0":{"loc":{"start":{"line":33,"column":4},"end":{"line":37,"column":5}},"type":"if","locations":[{"start":{"line":33,"column":4},"end":{"line":37,"column":5}},{"start":{"line":33,"column":4},"end":{"line":37,"column":5}}],"line":33},"1":{"loc":{"start":{"line":45,"column":4},"end":{"line":47,"column":5}},"type":"if","locations":[{"start":{"line":45,"column":4},"end":{"line":47,"column":5}},{"start":{"line":45,"column":4},"end":{"line":47,"column":5}}],"line":45},"2":{"loc":{"start":{"line":56,"column":4},"end":{"line":66,"column":5}},"type":"if","locations":[{"start":{"line":56,"column":4},"end":{"line":66,"column":5}},{"start":{"line":56,"column":4},"end":{"line":66,"column":5}}],"line":56},"3":{"loc":{"start":{"line":56,"column":8},"end":{"line":56,"column":26}},"type":"binary-expr","locations":[{"start":{"line":56,"column":8},"end":{"line":56,"column":13}},{"start":{"line":56,"column":17},"end":{"line":56,"column":26}}],"line":56},"4":{"loc":{"start":{"line":59,"column":8},"end":{"line":65,"column":9}},"type":"if","locations":[{"start":{"line":59,"column":8},"end":{"line":65,"column":9}},{"start":{"line":59,"column":8},"end":{"line":65,"column":9}}],"line":59},"5":{"loc":{"start":{"line":76,"column":8},"end":{"line":78,"column":9}},"type":"if","locations":[{"start":{"line":76,"column":8},"end":{"line":78,"column":9}},{"start":{"line":76,"column":8},"end":{"line":78,"column":9}}],"line":76},"6":{"loc":{"start":{"line":131,"column":8},"end":{"line":133,"column":9}},"type":"if","locations":[{"start":{"line":131,"column":8},"end":{"line":133,"column":9}},{"start":{"line":131,"column":8},"end":{"line":133,"column":9}}],"line":131},"7":{"loc":{"start":{"line":131,"column":12},"end":{"line":131,"column":52}},"type":"binary-expr","locations":[{"start":{"line":131,"column":12},"end":{"line":131,"column":29}},{"start":{"line":131,"column":33},"end":{"line":131,"column":52}}],"line":131},"8":{"loc":{"start":{"line":135,"column":8},"end":{"line":137,"column":9}},"type":"if","locations":[{"start":{"line":135,"column":8},"end":{"line":137,"column":9}},{"start":{"line":135,"column":8},"end":{"line":137,"column":9}}],"line":135},"9":{"loc":{"start":{"line":153,"column":4},"end":{"line":155,"column":5}},"type":"if","locations":[{"start":{"line":153,"column":4},"end":{"line":155,"column":5}},{"start":{"line":153,"column":4},"end":{"line":155,"column":5}}],"line":153},"10":{"loc":{"start":{"line":156,"column":4},"end":{"line":158,"column":5}},"type":"if","locations":[{"start":{"line":156,"column":4},"end":{"line":158,"column":5}},{"start":{"line":156,"column":4},"end":{"line":158,"column":5}}],"line":156},"11":{"loc":{"start":{"line":181,"column":4},"end":{"line":183,"column":5}},"type":"if","locations":[{"start":{"line":181,"column":4},"end":{"line":183,"column":5}},{"start":{"line":181,"column":4},"end":{"line":183,"column":5}}],"line":181},"12":{"loc":{"start":{"line":215,"column":8},"end":{"line":222,"column":9}},"type":"if","locations":[{"start":{"line":215,"column":8},"end":{"line":222,"column":9}},{"start":{"line":215,"column":8},"end":{"line":222,"column":9}}],"line":215},"13":{"loc":{"start":{"line":216,"column":12},"end":{"line":221,"column":13}},"type":"if","locations":[{"start":{"line":216,"column":12},"end":{"line":221,"column":13}},{"start":{"line":216,"column":12},"end":{"line":221,"column":13}}],"line":216},"14":{"loc":{"start":{"line":219,"column":17},"end":{"line":221,"column":13}},"type":"if","locations":[{"start":{"line":219,"column":17},"end":{"line":221,"column":13}},{"start":{"line":219,"column":17},"end":{"line":221,"column":13}}],"line":219},"15":{"loc":{"start":{"line":225,"column":4},"end":{"line":227,"column":5}},"type":"if","locations":[{"start":{"line":225,"column":4},"end":{"line":227,"column":5}},{"start":{"line":225,"column":4},"end":{"line":227,"column":5}}],"line":225},"16":{"loc":{"start":{"line":242,"column":4},"end":{"line":248,"column":5}},"type":"if","locations":[{"start":{"line":242,"column":4},"end":{"line":248,"column":5}},{"start":{"line":242,"column":4},"end":{"line":248,"column":5}}],"line":242},"17":{"loc":{"start":{"line":242,"column":8},"end":{"line":242,"column":49}},"type":"binary-expr","locations":[{"start":{"line":242,"column":8},"end":{"line":242,"column":22}},{"start":{"line":242,"column":26},"end":{"line":242,"column":49}}],"line":242},"18":{"loc":{"start":{"line":244,"column":8},"end":{"line":247,"column":9}},"type":"if","locations":[{"start":{"line":244,"column":8},"end":{"line":247,"column":9}},{"start":{"line":244,"column":8},"end":{"line":247,"column":9}}],"line":244},"19":{"loc":{"start":{"line":260,"column":4},"end":{"line":262,"column":5}},"type":"if","locations":[{"start":{"line":260,"column":4},"end":{"line":262,"column":5}},{"start":{"line":260,"column":4},"end":{"line":262,"column":5}}],"line":260},"20":{"loc":{"start":{"line":264,"column":4},"end":{"line":266,"column":5}},"type":"if","locations":[{"start":{"line":264,"column":4},"end":{"line":266,"column":5}},{"start":{"line":264,"column":4},"end":{"line":266,"column":5}}],"line":264},"21":{"loc":{"start":{"line":338,"column":4},"end":{"line":390,"column":5}},"type":"if","locations":[{"start":{"line":338,"column":4},"end":{"line":390,"column":5}},{"start":{"line":338,"column":4},"end":{"line":390,"column":5}}],"line":338},"22":{"loc":{"start":{"line":344,"column":12},"end":{"line":376,"column":13}},"type":"if","locations":[{"start":{"line":344,"column":12},"end":{"line":376,"column":13}},{"start":{"line":344,"column":12},"end":{"line":376,"column":13}}],"line":344},"23":{"loc":{"start":{"line":344,"column":16},"end":{"line":344,"column":80}},"type":"binary-expr","locations":[{"start":{"line":344,"column":16},"end":{"line":344,"column":22}},{"start":{"line":344,"column":26},"end":{"line":344,"column":42}},{"start":{"line":344,"column":46},"end":{"line":344,"column":62}},{"start":{"line":344,"column":66},"end":{"line":344,"column":80}}],"line":344},"24":{"loc":{"start":{"line":346,"column":16},"end":{"line":375,"column":17}},"type":"if","locations":[{"start":{"line":346,"column":16},"end":{"line":375,"column":17}},{"start":{"line":346,"column":16},"end":{"line":375,"column":17}}],"line":346},"25":{"loc":{"start":{"line":346,"column":20},"end":{"line":346,"column":218}},"type":"binary-expr","locations":[{"start":{"line":346,"column":20},"end":{"line":346,"column":85}},{"start":{"line":346,"column":89},"end":{"line":346,"column":154}},{"start":{"line":346,"column":158},"end":{"line":346,"column":218}}],"line":346},"26":{"loc":{"start":{"line":347,"column":20},"end":{"line":362,"column":21}},"type":"if","locations":[{"start":{"line":347,"column":20},"end":{"line":362,"column":21}},{"start":{"line":347,"column":20},"end":{"line":362,"column":21}}],"line":347},"27":{"loc":{"start":{"line":352,"column":24},"end":{"line":354,"column":25}},"type":"if","locations":[{"start":{"line":352,"column":24},"end":{"line":354,"column":25}},{"start":{"line":352,"column":24},"end":{"line":354,"column":25}}],"line":352},"28":{"loc":{"start":{"line":359,"column":24},"end":{"line":361,"column":25}},"type":"if","locations":[{"start":{"line":359,"column":24},"end":{"line":361,"column":25}},{"start":{"line":359,"column":24},"end":{"line":361,"column":25}}],"line":359},"29":{"loc":{"start":{"line":367,"column":20},"end":{"line":374,"column":21}},"type":"if","locations":[{"start":{"line":367,"column":20},"end":{"line":374,"column":21}},{"start":{"line":367,"column":20},"end":{"line":374,"column":21}}],"line":367},"30":{"loc":{"start":{"line":379,"column":8},"end":{"line":385,"column":9}},"type":"if","locations":[{"start":{"line":379,"column":8},"end":{"line":385,"column":9}},{"start":{"line":379,"column":8},"end":{"line":385,"column":9}}],"line":379},"31":{"loc":{"start":{"line":392,"column":4},"end":{"line":396,"column":5}},"type":"if","locations":[{"start":{"line":392,"column":4},"end":{"line":396,"column":5}},{"start":{"line":392,"column":4},"end":{"line":396,"column":5}}],"line":392},"32":{"loc":{"start":{"line":407,"column":4},"end":{"line":409,"column":5}},"type":"if","locations":[{"start":{"line":407,"column":4},"end":{"line":409,"column":5}},{"start":{"line":407,"column":4},"end":{"line":409,"column":5}}],"line":407},"33":{"loc":{"start":{"line":430,"column":8},"end":{"line":441,"column":9}},"type":"if","locations":[{"start":{"line":430,"column":8},"end":{"line":441,"column":9}},{"start":{"line":430,"column":8},"end":{"line":441,"column":9}}],"line":430},"34":{"loc":{"start":{"line":479,"column":4},"end":{"line":481,"column":5}},"type":"if","locations":[{"start":{"line":479,"column":4},"end":{"line":481,"column":5}},{"start":{"line":479,"column":4},"end":{"line":481,"column":5}}],"line":479},"35":{"loc":{"start":{"line":502,"column":4},"end":{"line":505,"column":5}},"type":"if","locations":[{"start":{"line":502,"column":4},"end":{"line":505,"column":5}},{"start":{"line":502,"column":4},"end":{"line":505,"column":5}}],"line":502},"36":{"loc":{"start":{"line":502,"column":8},"end":{"line":502,"column":49}},"type":"binary-expr","locations":[{"start":{"line":502,"column":8},"end":{"line":502,"column":30}},{"start":{"line":502,"column":34},"end":{"line":502,"column":49}}],"line":502},"37":{"loc":{"start":{"line":517,"column":4},"end":{"line":520,"column":5}},"type":"if","locations":[{"start":{"line":517,"column":4},"end":{"line":520,"column":5}},{"start":{"line":517,"column":4},"end":{"line":520,"column":5}}],"line":517},"38":{"loc":{"start":{"line":517,"column":8},"end":{"line":517,"column":49}},"type":"binary-expr","locations":[{"start":{"line":517,"column":8},"end":{"line":517,"column":30}},{"start":{"line":517,"column":34},"end":{"line":517,"column":49}}],"line":517},"39":{"loc":{"start":{"line":553,"column":0},"end":{"line":555,"column":1}},"type":"if","locations":[{"start":{"line":553,"column":0},"end":{"line":555,"column":1}},{"start":{"line":553,"column":0},"end":{"line":555,"column":1}}],"line":553}},"s":{"0":1,"1":1,"2":1,"3":2,"4":1,"5":15,"6":13,"7":0,"8":13,"9":6,"10":6,"11":2,"12":2,"13":2,"14":0,"15":2,"16":6,"17":6,"18":6,"19":4,"20":2,"21":0,"22":2,"23":3,"24":3,"25":3,"26":3,"27":330,"28":3,"29":2,"30":3,"31":5,"32":5,"33":5,"34":5,"35":5,"36":0,"37":0,"38":0,"39":1,"40":3,"41":3,"42":2,"43":3,"44":1,"45":3,"46":63,"47":3,"48":2,"49":2,"50":2,"51":2,"52":2,"53":2,"54":2,"55":0,"56":2,"57":2,"58":2,"59":2,"60":2,"61":2,"62":2,"63":2,"64":2,"65":2,"66":2,"67":2,"68":2,"69":0,"70":0,"71":0,"72":0,"73":0,"74":0,"75":0,"76":0,"77":2,"78":0,"79":2,"80":1,"81":0,"82":0,"83":0,"84":0,"85":1,"86":1,"87":0,"88":1,"89":0,"90":1,"91":1,"92":1,"93":1,"94":0,"95":0,"96":1,"97":1,"98":1,"99":1,"100":2,"101":2,"102":2,"103":2,"104":0,"105":0,"106":0,"107":0,"108":0,"109":0,"110":0,"111":0,"112":0,"113":0,"114":0,"115":0,"116":0,"117":0,"118":0,"119":0,"120":0,"121":0,"122":0,"123":0,"124":0,"125":0,"126":0,"127":0,"128":0,"129":0,"130":0,"131":0,"132":0,"133":0,"134":0,"135":0,"136":0,"137":0,"138":0,"139":0,"140":0,"141":0,"142":0,"143":0,"144":0,"145":0,"146":0,"147":0,"148":0,"149":0,"150":1,"151":1,"152":0,"153":0,"154":1,"155":1,"156":1,"157":1,"158":0,"159":0,"160":1,"161":1,"162":1,"163":1,"164":0,"165":0,"166":0,"167":0,"168":0,"169":0,"170":0,"171":0,"172":0,"173":0,"174":0,"175":0,"176":0,"177":0,"178":2,"179":2,"180":2,"181":2,"182":0,"183":2,"184":2,"185":2,"186":2,"187":2,"188":0,"189":0,"190":0,"191":0,"192":1,"193":1,"194":1},"f":{"0":2,"1":15,"2":6,"3":3,"4":330,"5":2,"6":3,"7":5,"8":1,"9":3,"10":63,"11":2,"12":2,"13":2,"14":2,"15":1,"16":1,"17":2,"18":0,"19":0,"20":0,"21":1,"22":1,"23":0,"24":0,"25":2,"26":2,"27":0},"b":{"0":[1,1],"1":[0,13],"2":[2,4],"3":[6,2],"4":[0,2],"5":[0,2],"6":[5,0],"7":[5,5],"8":[0,0],"9":[2,1],"10":[1,2],"11":[0,2],"12":[0,0],"13":[0,0],"14":[0,0],"15":[0,2],"16":[0,1],"17":[1,0],"18":[0,0],"19":[0,1],"20":[0,1],"21":[0,0],"22":[0,0],"23":[0,0,0,0],"24":[0,0],"25":[0,0,0],"26":[0,0],"27":[0,0],"28":[0,0],"29":[0,0],"30":[0,0],"31":[0,0],"32":[0,0],"33":[0,1],"34":[0,0],"35":[2,0],"36":[2,2],"37":[2,0],"38":[2,2],"39":[1,0]},"_coverageSchema":"43e27e138ebf9cfc5966b082cf9a028302ed4184","hash":"8a8cdc0c93fb295e39ff362aba6a2c200a3a44c6","contentHash":"1a474fa0bc782cec7704bd743b12976b0391e17e27f89ea9e1006c2f88739f05"},"/Users/mservidio/Git/bq-datashare-toolkit/entitlements/bqdsEntitlements/runtimeConfiguration.js":{"path":"/Users/mservidio/Git/bq-datashare-toolkit/entitlements/bqdsEntitlements/runtimeConfiguration.js","statementMap":{"0":{"start":{"line":21,"column":8},"end":{"line":21,"column":33}},"1":{"start":{"line":22,"column":8},"end":{"line":22,"column":36}},"2":{"start":{"line":23,"column":8},"end":{"line":23,"column":28}},"3":{"start":{"line":24,"column":8},"end":{"line":24,"column":43}},"4":{"start":{"line":25,"column":8},"end":{"line":25,"column":50}},"5":{"start":{"line":27,"column":25},"end":{"line":27,"column":45}},"6":{"start":{"line":28,"column":8},"end":{"line":28,"column":48}},"7":{"start":{"line":29,"column":8},"end":{"line":29,"column":47}},"8":{"start":{"line":33,"column":8},"end":{"line":33,"column":32}},"9":{"start":{"line":37,"column":8},"end":{"line":37,"column":35}},"10":{"start":{"line":41,"column":8},"end":{"line":41,"column":41}},"11":{"start":{"line":45,"column":8},"end":{"line":45,"column":32}},"12":{"start":{"line":48,"column":8},"end":{"line":48,"column":32}},"13":{"start":{"line":52,"column":8},"end":{"line":52,"column":27}},"14":{"start":{"line":55,"column":8},"end":{"line":55,"column":27}},"15":{"start":{"line":59,"column":8},"end":{"line":59,"column":42}},"16":{"start":{"line":62,"column":8},"end":{"line":62,"column":42}},"17":{"start":{"line":66,"column":8},"end":{"line":66,"column":50}},"18":{"start":{"line":69,"column":8},"end":{"line":69,"column":50}},"19":{"start":{"line":73,"column":0},"end":{"line":73,"column":44}}},"fnMap":{"0":{"name":"(anonymous_0)","decl":{"start":{"line":20,"column":4},"end":{"line":20,"column":5}},"loc":{"start":{"line":20,"column":18},"end":{"line":30,"column":5}},"line":20},"1":{"name":"(anonymous_1)","decl":{"start":{"line":32,"column":4},"end":{"line":32,"column":5}},"loc":{"start":{"line":32,"column":23},"end":{"line":34,"column":5}},"line":32},"2":{"name":"(anonymous_2)","decl":{"start":{"line":36,"column":4},"end":{"line":36,"column":5}},"loc":{"start":{"line":36,"column":26},"end":{"line":38,"column":5}},"line":36},"3":{"name":"(anonymous_3)","decl":{"start":{"line":40,"column":4},"end":{"line":40,"column":5}},"loc":{"start":{"line":40,"column":44},"end":{"line":42,"column":5}},"line":40},"4":{"name":"(anonymous_4)","decl":{"start":{"line":44,"column":4},"end":{"line":44,"column":5}},"loc":{"start":{"line":44,"column":23},"end":{"line":46,"column":5}},"line":44},"5":{"name":"(anonymous_5)","decl":{"start":{"line":47,"column":4},"end":{"line":47,"column":5}},"loc":{"start":{"line":47,"column":27},"end":{"line":49,"column":5}},"line":47},"6":{"name":"(anonymous_6)","decl":{"start":{"line":51,"column":4},"end":{"line":51,"column":5}},"loc":{"start":{"line":51,"column":18},"end":{"line":53,"column":5}},"line":51},"7":{"name":"(anonymous_7)","decl":{"start":{"line":54,"column":4},"end":{"line":54,"column":5}},"loc":{"start":{"line":54,"column":22},"end":{"line":56,"column":5}},"line":54},"8":{"name":"(anonymous_8)","decl":{"start":{"line":58,"column":4},"end":{"line":58,"column":5}},"loc":{"start":{"line":58,"column":34},"end":{"line":60,"column":5}},"line":58},"9":{"name":"(anonymous_9)","decl":{"start":{"line":61,"column":4},"end":{"line":61,"column":5}},"loc":{"start":{"line":61,"column":38},"end":{"line":63,"column":5}},"line":61},"10":{"name":"(anonymous_10)","decl":{"start":{"line":65,"column":4},"end":{"line":65,"column":5}},"loc":{"start":{"line":65,"column":43},"end":{"line":67,"column":5}},"line":65},"11":{"name":"(anonymous_11)","decl":{"start":{"line":68,"column":4},"end":{"line":68,"column":5}},"loc":{"start":{"line":68,"column":47},"end":{"line":70,"column":5}},"line":68}},"branchMap":{},"s":{"0":1,"1":1,"2":1,"3":1,"4":1,"5":1,"6":1,"7":1,"8":3,"9":0,"10":4,"11":22,"12":0,"13":0,"14":0,"15":0,"16":0,"17":1,"18":0,"19":1},"f":{"0":1,"1":3,"2":0,"3":4,"4":22,"5":0,"6":0,"7":0,"8":0,"9":0,"10":1,"11":0},"b":{},"_coverageSchema":"43e27e138ebf9cfc5966b082cf9a028302ed4184","hash":"bcb556c940758b444ea60b1b7dc335991aabea7c","contentHash":"dd45319548d48bbd4ccda35b0c87fc45715f02afaf2862080be7c9bcf10fc339"},"/Users/mservidio/Git/bq-datashare-toolkit/entitlements/bqdsEntitlements/configUtil.js":{"path":"/Users/mservidio/Git/bq-datashare-toolkit/entitlements/bqdsEntitlements/configUtil.js","statementMap":{"0":{"start":{"line":24,"column":17},"end":{"line":24,"column":28}},"1":{"start":{"line":25,"column":4},"end":{"line":30,"column":5}},"2":{"start":{"line":26,"column":27},"end":{"line":26,"column":46}},"3":{"start":{"line":27,"column":8},"end":{"line":29,"column":9}},"4":{"start":{"line":28,"column":12},"end":{"line":28,"column":24}},"5":{"start":{"line":31,"column":4},"end":{"line":31,"column":17}},"6":{"start":{"line":40,"column":4},"end":{"line":46,"column":5}},"7":{"start":{"line":41,"column":8},"end":{"line":45,"column":9}},"8":{"start":{"line":42,"column":12},"end":{"line":44,"column":13}},"9":{"start":{"line":43,"column":16},"end":{"line":43,"column":28}},"10":{"start":{"line":47,"column":4},"end":{"line":52,"column":5}},"11":{"start":{"line":48,"column":8},"end":{"line":51,"column":9}},"12":{"start":{"line":49,"column":12},"end":{"line":49,"column":156}},"13":{"start":{"line":50,"column":12},"end":{"line":50,"column":24}},"14":{"start":{"line":53,"column":4},"end":{"line":53,"column":17}},"15":{"start":{"line":61,"column":4},"end":{"line":71,"column":5}},"16":{"start":{"line":62,"column":8},"end":{"line":64,"column":9}},"17":{"start":{"line":63,"column":12},"end":{"line":63,"column":21}},"18":{"start":{"line":65,"column":24},"end":{"line":67,"column":10}},"19":{"start":{"line":66,"column":12},"end":{"line":66,"column":63}},"20":{"start":{"line":68,"column":8},"end":{"line":70,"column":9}},"21":{"start":{"line":69,"column":12},"end":{"line":69,"column":24}},"22":{"start":{"line":72,"column":4},"end":{"line":72,"column":17}},"23":{"start":{"line":80,"column":4},"end":{"line":86,"column":5}},"24":{"start":{"line":81,"column":8},"end":{"line":85,"column":9}},"25":{"start":{"line":82,"column":12},"end":{"line":84,"column":13}},"26":{"start":{"line":83,"column":16},"end":{"line":83,"column":26}},"27":{"start":{"line":87,"column":4},"end":{"line":87,"column":16}},"28":{"start":{"line":95,"column":4},"end":{"line":102,"column":5}},"29":{"start":{"line":96,"column":27},"end":{"line":98,"column":10}},"30":{"start":{"line":97,"column":12},"end":{"line":97,"column":40}},"31":{"start":{"line":99,"column":8},"end":{"line":101,"column":9}},"32":{"start":{"line":100,"column":12},"end":{"line":100,"column":30}},"33":{"start":{"line":103,"column":4},"end":{"line":103,"column":16}},"34":{"start":{"line":110,"column":35},"end":{"line":110,"column":40}},"35":{"start":{"line":111,"column":4},"end":{"line":121,"column":5}},"36":{"start":{"line":112,"column":8},"end":{"line":120,"column":9}},"37":{"start":{"line":113,"column":25},"end":{"line":113,"column":33}},"38":{"start":{"line":114,"column":12},"end":{"line":119,"column":13}},"39":{"start":{"line":115,"column":16},"end":{"line":118,"column":17}},"40":{"start":{"line":116,"column":20},"end":{"line":116,"column":52}},"41":{"start":{"line":117,"column":20},"end":{"line":117,"column":26}},"42":{"start":{"line":122,"column":4},"end":{"line":122,"column":36}},"43":{"start":{"line":131,"column":24},"end":{"line":131,"column":26}},"44":{"start":{"line":134,"column":4},"end":{"line":136,"column":5}},"45":{"start":{"line":135,"column":8},"end":{"line":135,"column":56}},"46":{"start":{"line":139,"column":4},"end":{"line":146,"column":5}},"47":{"start":{"line":140,"column":8},"end":{"line":145,"column":11}},"48":{"start":{"line":141,"column":31},"end":{"line":141,"column":59}},"49":{"start":{"line":142,"column":12},"end":{"line":144,"column":13}},"50":{"start":{"line":143,"column":16},"end":{"line":143,"column":72}},"51":{"start":{"line":148,"column":4},"end":{"line":148,"column":25}},"52":{"start":{"line":156,"column":4},"end":{"line":163,"column":5}},"53":{"start":{"line":162,"column":8},"end":{"line":162,"column":20}},"54":{"start":{"line":164,"column":4},"end":{"line":164,"column":17}},"55":{"start":{"line":173,"column":4},"end":{"line":175,"column":5}},"56":{"start":{"line":174,"column":8},"end":{"line":174,"column":20}},"57":{"start":{"line":176,"column":4},"end":{"line":178,"column":5}},"58":{"start":{"line":177,"column":8},"end":{"line":177,"column":66}},"59":{"start":{"line":179,"column":4},"end":{"line":186,"column":5}},"60":{"start":{"line":180,"column":8},"end":{"line":182,"column":9}},"61":{"start":{"line":181,"column":12},"end":{"line":181,"column":99}},"62":{"start":{"line":183,"column":8},"end":{"line":185,"column":9}},"63":{"start":{"line":184,"column":12},"end":{"line":184,"column":93}},"64":{"start":{"line":187,"column":4},"end":{"line":187,"column":16}},"65":{"start":{"line":190,"column":0},"end":{"line":200,"column":2}}},"fnMap":{"0":{"name":"isPublicAccessEnabled","decl":{"start":{"line":23,"column":9},"end":{"line":23,"column":30}},"loc":{"start":{"line":23,"column":37},"end":{"line":32,"column":1}},"line":23},"1":{"name":"configurationContainsDataset","decl":{"start":{"line":39,"column":9},"end":{"line":39,"column":37}},"loc":{"start":{"line":39,"column":57},"end":{"line":54,"column":1}},"line":39},"2":{"name":"configurationContainsView","decl":{"start":{"line":60,"column":15},"end":{"line":60,"column":40}},"loc":{"start":{"line":60,"column":68},"end":{"line":73,"column":1}},"line":60},"3":{"name":"(anonymous_3)","decl":{"start":{"line":65,"column":47},"end":{"line":65,"column":48}},"loc":{"start":{"line":65,"column":54},"end":{"line":67,"column":9}},"line":65},"4":{"name":"findDataset","decl":{"start":{"line":79,"column":9},"end":{"line":79,"column":20}},"loc":{"start":{"line":79,"column":40},"end":{"line":88,"column":1}},"line":79},"5":{"name":"findGroup","decl":{"start":{"line":94,"column":9},"end":{"line":94,"column":18}},"loc":{"start":{"line":94,"column":38},"end":{"line":104,"column":1}},"line":94},"6":{"name":"(anonymous_6)","decl":{"start":{"line":96,"column":46},"end":{"line":96,"column":47}},"loc":{"start":{"line":96,"column":53},"end":{"line":98,"column":9}},"line":96},"7":{"name":"isAccessControlDatasetUsed","decl":{"start":{"line":109,"column":9},"end":{"line":109,"column":35}},"loc":{"start":{"line":109,"column":44},"end":{"line":123,"column":1}},"line":109},"8":{"name":"concatentateAccessItems","decl":{"start":{"line":129,"column":9},"end":{"line":129,"column":32}},"loc":{"start":{"line":129,"column":45},"end":{"line":149,"column":1}},"line":129},"9":{"name":"(anonymous_9)","decl":{"start":{"line":140,"column":30},"end":{"line":140,"column":31}},"loc":{"start":{"line":140,"column":45},"end":{"line":145,"column":9}},"line":140},"10":{"name":"accessItemsEqual","decl":{"start":{"line":155,"column":9},"end":{"line":155,"column":25}},"loc":{"start":{"line":155,"column":44},"end":{"line":165,"column":1}},"line":155},"11":{"name":"performTextVariableReplacements","decl":{"start":{"line":172,"column":9},"end":{"line":172,"column":40}},"loc":{"start":{"line":172,"column":61},"end":{"line":188,"column":1}},"line":172}},"branchMap":{"0":{"loc":{"start":{"line":25,"column":4},"end":{"line":30,"column":5}},"type":"if","locations":[{"start":{"line":25,"column":4},"end":{"line":30,"column":5}},{"start":{"line":25,"column":4},"end":{"line":30,"column":5}}],"line":25},"1":{"loc":{"start":{"line":27,"column":8},"end":{"line":29,"column":9}},"type":"if","locations":[{"start":{"line":27,"column":8},"end":{"line":29,"column":9}},{"start":{"line":27,"column":8},"end":{"line":29,"column":9}}],"line":27},"2":{"loc":{"start":{"line":27,"column":12},"end":{"line":27,"column":106}},"type":"binary-expr","locations":[{"start":{"line":27,"column":12},"end":{"line":27,"column":32}},{"start":{"line":27,"column":36},"end":{"line":27,"column":60}},{"start":{"line":27,"column":64},"end":{"line":27,"column":106}}],"line":27},"3":{"loc":{"start":{"line":42,"column":12},"end":{"line":44,"column":13}},"type":"if","locations":[{"start":{"line":42,"column":12},"end":{"line":44,"column":13}},{"start":{"line":42,"column":12},"end":{"line":44,"column":13}}],"line":42},"4":{"loc":{"start":{"line":48,"column":8},"end":{"line":51,"column":9}},"type":"if","locations":[{"start":{"line":48,"column":8},"end":{"line":51,"column":9}},{"start":{"line":48,"column":8},"end":{"line":51,"column":9}}],"line":48},"5":{"loc":{"start":{"line":62,"column":8},"end":{"line":64,"column":9}},"type":"if","locations":[{"start":{"line":62,"column":8},"end":{"line":64,"column":9}},{"start":{"line":62,"column":8},"end":{"line":64,"column":9}}],"line":62},"6":{"loc":{"start":{"line":68,"column":8},"end":{"line":70,"column":9}},"type":"if","locations":[{"start":{"line":68,"column":8},"end":{"line":70,"column":9}},{"start":{"line":68,"column":8},"end":{"line":70,"column":9}}],"line":68},"7":{"loc":{"start":{"line":80,"column":4},"end":{"line":86,"column":5}},"type":"if","locations":[{"start":{"line":80,"column":4},"end":{"line":86,"column":5}},{"start":{"line":80,"column":4},"end":{"line":86,"column":5}}],"line":80},"8":{"loc":{"start":{"line":80,"column":8},"end":{"line":80,"column":53}},"type":"binary-expr","locations":[{"start":{"line":80,"column":8},"end":{"line":80,"column":23}},{"start":{"line":80,"column":27},"end":{"line":80,"column":53}}],"line":80},"9":{"loc":{"start":{"line":82,"column":12},"end":{"line":84,"column":13}},"type":"if","locations":[{"start":{"line":82,"column":12},"end":{"line":84,"column":13}},{"start":{"line":82,"column":12},"end":{"line":84,"column":13}}],"line":82},"10":{"loc":{"start":{"line":82,"column":16},"end":{"line":82,"column":89}},"type":"binary-expr","locations":[{"start":{"line":82,"column":16},"end":{"line":82,"column":23}},{"start":{"line":82,"column":27},"end":{"line":82,"column":36}},{"start":{"line":82,"column":40},"end":{"line":82,"column":89}}],"line":82},"11":{"loc":{"start":{"line":95,"column":4},"end":{"line":102,"column":5}},"type":"if","locations":[{"start":{"line":95,"column":4},"end":{"line":102,"column":5}},{"start":{"line":95,"column":4},"end":{"line":102,"column":5}}],"line":95},"12":{"loc":{"start":{"line":95,"column":8},"end":{"line":95,"column":49}},"type":"binary-expr","locations":[{"start":{"line":95,"column":8},"end":{"line":95,"column":21}},{"start":{"line":95,"column":25},"end":{"line":95,"column":49}}],"line":95},"13":{"loc":{"start":{"line":99,"column":8},"end":{"line":101,"column":9}},"type":"if","locations":[{"start":{"line":99,"column":8},"end":{"line":101,"column":9}},{"start":{"line":99,"column":8},"end":{"line":101,"column":9}}],"line":99},"14":{"loc":{"start":{"line":111,"column":4},"end":{"line":121,"column":5}},"type":"if","locations":[{"start":{"line":111,"column":4},"end":{"line":121,"column":5}},{"start":{"line":111,"column":4},"end":{"line":121,"column":5}}],"line":111},"15":{"loc":{"start":{"line":111,"column":8},"end":{"line":111,"column":47}},"type":"binary-expr","locations":[{"start":{"line":111,"column":8},"end":{"line":111,"column":20}},{"start":{"line":111,"column":24},"end":{"line":111,"column":47}}],"line":111},"16":{"loc":{"start":{"line":114,"column":12},"end":{"line":119,"column":13}},"type":"if","locations":[{"start":{"line":114,"column":12},"end":{"line":119,"column":13}},{"start":{"line":114,"column":12},"end":{"line":119,"column":13}}],"line":114},"17":{"loc":{"start":{"line":115,"column":16},"end":{"line":118,"column":17}},"type":"if","locations":[{"start":{"line":115,"column":16},"end":{"line":118,"column":17}},{"start":{"line":115,"column":16},"end":{"line":118,"column":17}}],"line":115},"18":{"loc":{"start":{"line":115,"column":20},"end":{"line":115,"column":200}},"type":"binary-expr","locations":[{"start":{"line":115,"column":20},"end":{"line":115,"column":40}},{"start":{"line":115,"column":44},"end":{"line":115,"column":72}},{"start":{"line":115,"column":76},"end":{"line":115,"column":113}},{"start":{"line":115,"column":117},"end":{"line":115,"column":152}},{"start":{"line":115,"column":156},"end":{"line":115,"column":200}}],"line":115},"19":{"loc":{"start":{"line":134,"column":4},"end":{"line":136,"column":5}},"type":"if","locations":[{"start":{"line":134,"column":4},"end":{"line":136,"column":5}},{"start":{"line":134,"column":4},"end":{"line":136,"column":5}}],"line":134},"20":{"loc":{"start":{"line":134,"column":8},"end":{"line":134,"column":41}},"type":"binary-expr","locations":[{"start":{"line":134,"column":8},"end":{"line":134,"column":17}},{"start":{"line":134,"column":21},"end":{"line":134,"column":41}}],"line":134},"21":{"loc":{"start":{"line":139,"column":4},"end":{"line":146,"column":5}},"type":"if","locations":[{"start":{"line":139,"column":4},"end":{"line":146,"column":5}},{"start":{"line":139,"column":4},"end":{"line":146,"column":5}}],"line":139},"22":{"loc":{"start":{"line":139,"column":8},"end":{"line":139,"column":49}},"type":"binary-expr","locations":[{"start":{"line":139,"column":8},"end":{"line":139,"column":21}},{"start":{"line":139,"column":25},"end":{"line":139,"column":49}}],"line":139},"23":{"loc":{"start":{"line":142,"column":12},"end":{"line":144,"column":13}},"type":"if","locations":[{"start":{"line":142,"column":12},"end":{"line":144,"column":13}},{"start":{"line":142,"column":12},"end":{"line":144,"column":13}}],"line":142},"24":{"loc":{"start":{"line":142,"column":16},"end":{"line":142,"column":79}},"type":"binary-expr","locations":[{"start":{"line":142,"column":16},"end":{"line":142,"column":26}},{"start":{"line":142,"column":30},"end":{"line":142,"column":47}},{"start":{"line":142,"column":51},"end":{"line":142,"column":79}}],"line":142},"25":{"loc":{"start":{"line":156,"column":4},"end":{"line":163,"column":5}},"type":"if","locations":[{"start":{"line":156,"column":4},"end":{"line":163,"column":5}},{"start":{"line":156,"column":4},"end":{"line":163,"column":5}}],"line":156},"26":{"loc":{"start":{"line":156,"column":8},"end":{"line":161,"column":47}},"type":"binary-expr","locations":[{"start":{"line":156,"column":8},"end":{"line":156,"column":37}},{"start":{"line":157,"column":8},"end":{"line":157,"column":51}},{"start":{"line":158,"column":8},"end":{"line":158,"column":53}},{"start":{"line":159,"column":8},"end":{"line":159,"column":41}},{"start":{"line":160,"column":8},"end":{"line":160,"column":53}},{"start":{"line":161,"column":8},"end":{"line":161,"column":47}}],"line":156},"27":{"loc":{"start":{"line":173,"column":4},"end":{"line":175,"column":5}},"type":"if","locations":[{"start":{"line":173,"column":4},"end":{"line":175,"column":5}},{"start":{"line":173,"column":4},"end":{"line":175,"column":5}}],"line":173},"28":{"loc":{"start":{"line":176,"column":4},"end":{"line":178,"column":5}},"type":"if","locations":[{"start":{"line":176,"column":4},"end":{"line":178,"column":5}},{"start":{"line":176,"column":4},"end":{"line":178,"column":5}}],"line":176},"29":{"loc":{"start":{"line":179,"column":4},"end":{"line":186,"column":5}},"type":"if","locations":[{"start":{"line":179,"column":4},"end":{"line":186,"column":5}},{"start":{"line":179,"column":4},"end":{"line":186,"column":5}}],"line":179},"30":{"loc":{"start":{"line":180,"column":8},"end":{"line":182,"column":9}},"type":"if","locations":[{"start":{"line":180,"column":8},"end":{"line":182,"column":9}},{"start":{"line":180,"column":8},"end":{"line":182,"column":9}}],"line":180},"31":{"loc":{"start":{"line":183,"column":8},"end":{"line":185,"column":9}},"type":"if","locations":[{"start":{"line":183,"column":8},"end":{"line":185,"column":9}},{"start":{"line":183,"column":8},"end":{"line":185,"column":9}}],"line":183}},"s":{"0":2,"1":2,"2":1,"3":1,"4":1,"5":1,"6":0,"7":0,"8":0,"9":0,"10":0,"11":0,"12":0,"13":0,"14":0,"15":0,"16":0,"17":0,"18":0,"19":0,"20":0,"21":0,"22":0,"23":2,"24":2,"25":3,"26":2,"27":0,"28":4,"29":4,"30":6,"31":4,"32":4,"33":0,"34":0,"35":0,"36":0,"37":0,"38":0,"39":0,"40":0,"41":0,"42":0,"43":2,"44":2,"45":0,"46":2,"47":2,"48":2,"49":2,"50":2,"51":2,"52":0,"53":0,"54":0,"55":1,"56":0,"57":1,"58":1,"59":1,"60":1,"61":1,"62":1,"63":1,"64":1,"65":1},"f":{"0":2,"1":0,"2":0,"3":0,"4":2,"5":4,"6":6,"7":0,"8":2,"9":2,"10":0,"11":1},"b":{"0":[1,1],"1":[1,0],"2":[1,1,1],"3":[0,0],"4":[0,0],"5":[0,0],"6":[0,0],"7":[2,0],"8":[2,2],"9":[2,1],"10":[3,3,3],"11":[4,0],"12":[4,4],"13":[4,0],"14":[0,0],"15":[0,0],"16":[0,0],"17":[0,0],"18":[0,0,0,0,0],"19":[0,2],"20":[2,0],"21":[2,0],"22":[2,2],"23":[2,0],"24":[2,2,2],"25":[0,0],"26":[0,0,0,0,0,0],"27":[0,1],"28":[1,0],"29":[1,0],"30":[1,0],"31":[1,0]},"_coverageSchema":"43e27e138ebf9cfc5966b082cf9a028302ed4184","hash":"bae23145270dd9be21b731a8862db1aac59649a0","contentHash":"b2dadf6535720b9e9ab8dc29015e0b0dfd2a3df1b071f1168d6ce8ae35352b54"},"/Users/mservidio/Git/bq-datashare-toolkit/entitlements/bqdsEntitlements/configValidator.js":{"path":"/Users/mservidio/Git/bq-datashare-toolkit/entitlements/bqdsEntitlements/configValidator.js","statementMap":{"0":{"start":{"line":19,"column":19},"end":{"line":19,"column":42}},"1":{"start":{"line":20,"column":21},"end":{"line":20,"column":46}},"2":{"start":{"line":21,"column":19},"end":{"line":21,"column":42}},"3":{"start":{"line":22,"column":29},"end":{"line":22,"column":62}},"4":{"start":{"line":23,"column":13},"end":{"line":23,"column":28}},"5":{"start":{"line":24,"column":18},"end":{"line":24,"column":49}},"6":{"start":{"line":26,"column":18},"end":{"line":35,"column":1}},"7":{"start":{"line":37,"column":13},"end":{"line":37,"column":15}},"8":{"start":{"line":38,"column":17},"end":{"line":38,"column":19}},"9":{"start":{"line":44,"column":4},"end":{"line":44,"column":50}},"10":{"start":{"line":46,"column":4},"end":{"line":46,"column":80}},"11":{"start":{"line":47,"column":4},"end":{"line":47,"column":33}},"12":{"start":{"line":48,"column":4},"end":{"line":48,"column":80}},"13":{"start":{"line":50,"column":4},"end":{"line":50,"column":78}},"14":{"start":{"line":51,"column":4},"end":{"line":51,"column":31}},"15":{"start":{"line":52,"column":4},"end":{"line":52,"column":78}},"16":{"start":{"line":54,"column":4},"end":{"line":54,"column":80}},"17":{"start":{"line":55,"column":4},"end":{"line":55,"column":27}},"18":{"start":{"line":56,"column":4},"end":{"line":56,"column":80}},"19":{"start":{"line":58,"column":4},"end":{"line":58,"column":82}},"20":{"start":{"line":59,"column":4},"end":{"line":59,"column":29}},"21":{"start":{"line":60,"column":4},"end":{"line":60,"column":82}},"22":{"start":{"line":62,"column":4},"end":{"line":62,"column":79}},"23":{"start":{"line":63,"column":4},"end":{"line":63,"column":32}},"24":{"start":{"line":64,"column":4},"end":{"line":64,"column":79}},"25":{"start":{"line":66,"column":4},"end":{"line":66,"column":80}},"26":{"start":{"line":67,"column":4},"end":{"line":67,"column":33}},"27":{"start":{"line":68,"column":4},"end":{"line":68,"column":80}},"28":{"start":{"line":70,"column":4},"end":{"line":74,"column":5}},"29":{"start":{"line":71,"column":8},"end":{"line":71,"column":85}},"30":{"start":{"line":72,"column":8},"end":{"line":72,"column":38}},"31":{"start":{"line":73,"column":8},"end":{"line":73,"column":85}},"32":{"start":{"line":76,"column":19},"end":{"line":76,"column":23}},"33":{"start":{"line":77,"column":4},"end":{"line":77,"column":83}},"34":{"start":{"line":78,"column":4},"end":{"line":93,"column":5}},"35":{"start":{"line":79,"column":8},"end":{"line":84,"column":11}},"36":{"start":{"line":80,"column":12},"end":{"line":80,"column":56}},"37":{"start":{"line":81,"column":12},"end":{"line":83,"column":13}},"38":{"start":{"line":82,"column":16},"end":{"line":82,"column":33}},"39":{"start":{"line":86,"column":8},"end":{"line":91,"column":9}},"40":{"start":{"line":87,"column":12},"end":{"line":87,"column":84}},"41":{"start":{"line":88,"column":12},"end":{"line":88,"column":55}},"42":{"start":{"line":89,"column":12},"end":{"line":89,"column":83}},"43":{"start":{"line":90,"column":12},"end":{"line":90,"column":96}},"44":{"start":{"line":94,"column":4},"end":{"line":94,"column":83}},"45":{"start":{"line":96,"column":4},"end":{"line":96,"column":20}},"46":{"start":{"line":104,"column":12},"end":{"line":104,"column":27}},"47":{"start":{"line":105,"column":17},"end":{"line":105,"column":41}},"48":{"start":{"line":108,"column":4},"end":{"line":108,"column":83}},"49":{"start":{"line":110,"column":27},"end":{"line":110,"column":53}},"50":{"start":{"line":112,"column":4},"end":{"line":114,"column":5}},"51":{"start":{"line":113,"column":8},"end":{"line":113,"column":38}},"52":{"start":{"line":116,"column":4},"end":{"line":120,"column":5}},"53":{"start":{"line":117,"column":8},"end":{"line":119,"column":9}},"54":{"start":{"line":118,"column":12},"end":{"line":118,"column":47}},"55":{"start":{"line":129,"column":4},"end":{"line":131,"column":5}},"56":{"start":{"line":130,"column":8},"end":{"line":130,"column":62}},"57":{"start":{"line":133,"column":4},"end":{"line":137,"column":5}},"58":{"start":{"line":134,"column":8},"end":{"line":136,"column":9}},"59":{"start":{"line":135,"column":12},"end":{"line":135,"column":91}},"60":{"start":{"line":144,"column":4},"end":{"line":151,"column":5}},"61":{"start":{"line":145,"column":8},"end":{"line":145,"column":65}},"62":{"start":{"line":146,"column":8},"end":{"line":146,"column":15}},"63":{"start":{"line":148,"column":9},"end":{"line":151,"column":5}},"64":{"start":{"line":149,"column":8},"end":{"line":149,"column":68}},"65":{"start":{"line":150,"column":8},"end":{"line":150,"column":15}},"66":{"start":{"line":153,"column":21},"end":{"line":153,"column":23}},"67":{"start":{"line":154,"column":4},"end":{"line":193,"column":7}},"68":{"start":{"line":155,"column":8},"end":{"line":165,"column":9}},"69":{"start":{"line":156,"column":12},"end":{"line":156,"column":69}},"70":{"start":{"line":159,"column":12},"end":{"line":164,"column":13}},"71":{"start":{"line":160,"column":16},"end":{"line":160,"column":81}},"72":{"start":{"line":163,"column":16},"end":{"line":163,"column":54}},"73":{"start":{"line":167,"column":8},"end":{"line":172,"column":9}},"74":{"start":{"line":170,"column":13},"end":{"line":172,"column":9}},"75":{"start":{"line":171,"column":12},"end":{"line":171,"column":91}},"76":{"start":{"line":173,"column":27},"end":{"line":173,"column":32}},"77":{"start":{"line":174,"column":8},"end":{"line":189,"column":9}},"78":{"start":{"line":176,"column":12},"end":{"line":188,"column":13}},"79":{"start":{"line":177,"column":16},"end":{"line":184,"column":17}},"80":{"start":{"line":178,"column":20},"end":{"line":183,"column":21}},"81":{"start":{"line":179,"column":24},"end":{"line":182,"column":25}},"82":{"start":{"line":180,"column":28},"end":{"line":180,"column":48}},"83":{"start":{"line":181,"column":28},"end":{"line":181,"column":34}},"84":{"start":{"line":185,"column":16},"end":{"line":187,"column":17}},"85":{"start":{"line":186,"column":20},"end":{"line":186,"column":26}},"86":{"start":{"line":190,"column":8},"end":{"line":192,"column":9}},"87":{"start":{"line":191,"column":12},"end":{"line":191,"column":94}},"88":{"start":{"line":200,"column":4},"end":{"line":207,"column":5}},"89":{"start":{"line":201,"column":8},"end":{"line":201,"column":59}},"90":{"start":{"line":202,"column":8},"end":{"line":202,"column":15}},"91":{"start":{"line":204,"column":9},"end":{"line":207,"column":5}},"92":{"start":{"line":205,"column":8},"end":{"line":205,"column":66}},"93":{"start":{"line":206,"column":8},"end":{"line":206,"column":15}},"94":{"start":{"line":209,"column":21},"end":{"line":209,"column":23}},"95":{"start":{"line":210,"column":4},"end":{"line":307,"column":7}},"96":{"start":{"line":211,"column":8},"end":{"line":221,"column":9}},"97":{"start":{"line":212,"column":12},"end":{"line":212,"column":69}},"98":{"start":{"line":215,"column":12},"end":{"line":220,"column":13}},"99":{"start":{"line":216,"column":16},"end":{"line":216,"column":80}},"100":{"start":{"line":219,"column":16},"end":{"line":219,"column":54}},"101":{"start":{"line":223,"column":8},"end":{"line":231,"column":9}},"102":{"start":{"line":226,"column":13},"end":{"line":231,"column":9}},"103":{"start":{"line":227,"column":12},"end":{"line":227,"column":108}},"104":{"start":{"line":230,"column":12},"end":{"line":230,"column":105}},"105":{"start":{"line":233,"column":34},"end":{"line":233,"column":39}},"106":{"start":{"line":235,"column":8},"end":{"line":243,"column":9}},"107":{"start":{"line":238,"column":13},"end":{"line":243,"column":9}},"108":{"start":{"line":239,"column":12},"end":{"line":239,"column":93}},"109":{"start":{"line":242,"column":12},"end":{"line":242,"column":39}},"110":{"start":{"line":245,"column":8},"end":{"line":281,"column":9}},"111":{"start":{"line":246,"column":12},"end":{"line":246,"column":96}},"112":{"start":{"line":248,"column":13},"end":{"line":281,"column":9}},"113":{"start":{"line":249,"column":12},"end":{"line":249,"column":99}},"114":{"start":{"line":252,"column":12},"end":{"line":252,"column":39}},"115":{"start":{"line":253,"column":12},"end":{"line":253,"column":90}},"116":{"start":{"line":255,"column":12},"end":{"line":280,"column":13}},"117":{"start":{"line":256,"column":16},"end":{"line":279,"column":19}},"118":{"start":{"line":257,"column":34},"end":{"line":257,"column":65}},"119":{"start":{"line":258,"column":20},"end":{"line":278,"column":21}},"120":{"start":{"line":259,"column":24},"end":{"line":259,"column":142}},"121":{"start":{"line":263,"column":44},"end":{"line":263,"column":89}},"122":{"start":{"line":264,"column":45},"end":{"line":264,"column":47}},"123":{"start":{"line":265,"column":24},"end":{"line":277,"column":27}},"124":{"start":{"line":266,"column":43},"end":{"line":266,"column":48}},"125":{"start":{"line":267,"column":28},"end":{"line":273,"column":31}},"126":{"start":{"line":268,"column":32},"end":{"line":272,"column":33}},"127":{"start":{"line":269,"column":36},"end":{"line":269,"column":52}},"128":{"start":{"line":270,"column":36},"end":{"line":270,"column":160}},"129":{"start":{"line":271,"column":36},"end":{"line":271,"column":43}},"130":{"start":{"line":274,"column":28},"end":{"line":276,"column":29}},"131":{"start":{"line":275,"column":32},"end":{"line":275,"column":55}},"132":{"start":{"line":283,"column":8},"end":{"line":285,"column":9}},"133":{"start":{"line":284,"column":12},"end":{"line":284,"column":119}},"134":{"start":{"line":288,"column":27},"end":{"line":288,"column":32}},"135":{"start":{"line":289,"column":8},"end":{"line":303,"column":9}},"136":{"start":{"line":290,"column":12},"end":{"line":302,"column":13}},"137":{"start":{"line":291,"column":16},"end":{"line":298,"column":17}},"138":{"start":{"line":292,"column":20},"end":{"line":297,"column":21}},"139":{"start":{"line":293,"column":24},"end":{"line":296,"column":25}},"140":{"start":{"line":294,"column":28},"end":{"line":294,"column":48}},"141":{"start":{"line":295,"column":28},"end":{"line":295,"column":34}},"142":{"start":{"line":299,"column":16},"end":{"line":301,"column":17}},"143":{"start":{"line":300,"column":20},"end":{"line":300,"column":26}},"144":{"start":{"line":304,"column":8},"end":{"line":306,"column":9}},"145":{"start":{"line":305,"column":12},"end":{"line":305,"column":94}},"146":{"start":{"line":314,"column":4},"end":{"line":321,"column":5}},"147":{"start":{"line":315,"column":8},"end":{"line":315,"column":56}},"148":{"start":{"line":316,"column":8},"end":{"line":316,"column":15}},"149":{"start":{"line":318,"column":9},"end":{"line":321,"column":5}},"150":{"start":{"line":319,"column":8},"end":{"line":319,"column":63}},"151":{"start":{"line":320,"column":8},"end":{"line":320,"column":15}},"152":{"start":{"line":323,"column":20},"end":{"line":323,"column":22}},"153":{"start":{"line":324,"column":4},"end":{"line":512,"column":5}},"154":{"start":{"line":325,"column":8},"end":{"line":335,"column":9}},"155":{"start":{"line":326,"column":12},"end":{"line":326,"column":61}},"156":{"start":{"line":329,"column":12},"end":{"line":334,"column":13}},"157":{"start":{"line":330,"column":16},"end":{"line":330,"column":78}},"158":{"start":{"line":333,"column":16},"end":{"line":333,"column":53}},"159":{"start":{"line":337,"column":8},"end":{"line":337,"column":85}},"160":{"start":{"line":339,"column":30},"end":{"line":339,"column":35}},"161":{"start":{"line":342,"column":8},"end":{"line":473,"column":9}},"162":{"start":{"line":343,"column":25},"end":{"line":343,"column":33}},"163":{"start":{"line":346,"column":12},"end":{"line":354,"column":13}},"164":{"start":{"line":347,"column":16},"end":{"line":347,"column":97}},"165":{"start":{"line":349,"column":17},"end":{"line":354,"column":13}},"166":{"start":{"line":350,"column":16},"end":{"line":350,"column":95}},"167":{"start":{"line":353,"column":16},"end":{"line":353,"column":39}},"168":{"start":{"line":356,"column":31},"end":{"line":356,"column":36}},"169":{"start":{"line":357,"column":12},"end":{"line":363,"column":13}},"170":{"start":{"line":359,"column":16},"end":{"line":359,"column":114}},"171":{"start":{"line":360,"column":16},"end":{"line":362,"column":17}},"172":{"start":{"line":361,"column":20},"end":{"line":361,"column":181}},"173":{"start":{"line":365,"column":12},"end":{"line":365,"column":98}},"174":{"start":{"line":366,"column":12},"end":{"line":366,"column":96}},"175":{"start":{"line":369,"column":12},"end":{"line":371,"column":13}},"176":{"start":{"line":370,"column":16},"end":{"line":370,"column":149}},"177":{"start":{"line":372,"column":12},"end":{"line":380,"column":13}},"178":{"start":{"line":374,"column":16},"end":{"line":376,"column":17}},"179":{"start":{"line":375,"column":20},"end":{"line":375,"column":232}},"180":{"start":{"line":377,"column":16},"end":{"line":379,"column":17}},"181":{"start":{"line":378,"column":20},"end":{"line":378,"column":114}},"182":{"start":{"line":381,"column":12},"end":{"line":389,"column":13}},"183":{"start":{"line":383,"column":16},"end":{"line":385,"column":17}},"184":{"start":{"line":384,"column":20},"end":{"line":384,"column":230}},"185":{"start":{"line":386,"column":16},"end":{"line":388,"column":17}},"186":{"start":{"line":387,"column":20},"end":{"line":387,"column":104}},"187":{"start":{"line":391,"column":12},"end":{"line":451,"column":13}},"188":{"start":{"line":392,"column":36},"end":{"line":392,"column":56}},"189":{"start":{"line":393,"column":16},"end":{"line":393,"column":105}},"190":{"start":{"line":396,"column":16},"end":{"line":450,"column":17}},"191":{"start":{"line":397,"column":20},"end":{"line":399,"column":21}},"192":{"start":{"line":398,"column":24},"end":{"line":398,"column":119}},"193":{"start":{"line":402,"column":20},"end":{"line":402,"column":238}},"194":{"start":{"line":404,"column":20},"end":{"line":449,"column":21}},"195":{"start":{"line":406,"column":24},"end":{"line":408,"column":25}},"196":{"start":{"line":407,"column":28},"end":{"line":407,"column":107}},"197":{"start":{"line":409,"column":24},"end":{"line":411,"column":25}},"198":{"start":{"line":410,"column":28},"end":{"line":410,"column":104}},"199":{"start":{"line":413,"column":24},"end":{"line":415,"column":25}},"200":{"start":{"line":414,"column":28},"end":{"line":414,"column":185}},"201":{"start":{"line":420,"column":58},"end":{"line":420,"column":62}},"202":{"start":{"line":421,"column":24},"end":{"line":428,"column":25}},"203":{"start":{"line":422,"column":28},"end":{"line":422,"column":119}},"204":{"start":{"line":423,"column":28},"end":{"line":423,"column":64}},"205":{"start":{"line":425,"column":29},"end":{"line":428,"column":25}},"206":{"start":{"line":426,"column":28},"end":{"line":426,"column":122}},"207":{"start":{"line":427,"column":28},"end":{"line":427,"column":64}},"208":{"start":{"line":431,"column":24},"end":{"line":448,"column":25}},"209":{"start":{"line":432,"column":28},"end":{"line":447,"column":31}},"210":{"start":{"line":433,"column":48},"end":{"line":435,"column":34}},"211":{"start":{"line":434,"column":36},"end":{"line":434,"column":56}},"212":{"start":{"line":436,"column":32},"end":{"line":446,"column":33}},"213":{"start":{"line":437,"column":36},"end":{"line":442,"column":37}},"214":{"start":{"line":438,"column":40},"end":{"line":438,"column":161}},"215":{"start":{"line":440,"column":41},"end":{"line":442,"column":37}},"216":{"start":{"line":441,"column":40},"end":{"line":441,"column":161}},"217":{"start":{"line":453,"column":12},"end":{"line":468,"column":13}},"218":{"start":{"line":454,"column":35},"end":{"line":454,"column":54}},"219":{"start":{"line":457,"column":16},"end":{"line":467,"column":17}},"220":{"start":{"line":458,"column":20},"end":{"line":463,"column":21}},"221":{"start":{"line":459,"column":24},"end":{"line":459,"column":114}},"222":{"start":{"line":461,"column":25},"end":{"line":463,"column":21}},"223":{"start":{"line":462,"column":24},"end":{"line":462,"column":119}},"224":{"start":{"line":465,"column":21},"end":{"line":467,"column":17}},"225":{"start":{"line":466,"column":20},"end":{"line":466,"column":124}},"226":{"start":{"line":470,"column":12},"end":{"line":472,"column":13}},"227":{"start":{"line":471,"column":16},"end":{"line":471,"column":123}},"228":{"start":{"line":475,"column":8},"end":{"line":499,"column":9}},"229":{"start":{"line":476,"column":25},"end":{"line":476,"column":33}},"230":{"start":{"line":478,"column":12},"end":{"line":483,"column":13}},"231":{"start":{"line":479,"column":16},"end":{"line":479,"column":99}},"232":{"start":{"line":481,"column":17},"end":{"line":483,"column":13}},"233":{"start":{"line":482,"column":16},"end":{"line":482,"column":95}},"234":{"start":{"line":485,"column":12},"end":{"line":485,"column":140}},"235":{"start":{"line":487,"column":12},"end":{"line":494,"column":13}},"236":{"start":{"line":488,"column":16},"end":{"line":493,"column":17}},"237":{"start":{"line":489,"column":32},"end":{"line":489,"column":91}},"238":{"start":{"line":490,"column":20},"end":{"line":492,"column":21}},"239":{"start":{"line":491,"column":24},"end":{"line":491,"column":130}},"240":{"start":{"line":496,"column":12},"end":{"line":498,"column":13}},"241":{"start":{"line":497,"column":16},"end":{"line":497,"column":123}},"242":{"start":{"line":501,"column":8},"end":{"line":511,"column":9}},"243":{"start":{"line":503,"column":12},"end":{"line":507,"column":15}},"244":{"start":{"line":504,"column":16},"end":{"line":506,"column":17}},"245":{"start":{"line":505,"column":20},"end":{"line":505,"column":141}},"246":{"start":{"line":510,"column":12},"end":{"line":510,"column":102}},"247":{"start":{"line":519,"column":4},"end":{"line":531,"column":5}},"248":{"start":{"line":520,"column":8},"end":{"line":530,"column":9}},"249":{"start":{"line":521,"column":12},"end":{"line":529,"column":13}},"250":{"start":{"line":522,"column":33},"end":{"line":522,"column":136}},"251":{"start":{"line":523,"column":16},"end":{"line":525,"column":17}},"252":{"start":{"line":524,"column":20},"end":{"line":524,"column":408}},"253":{"start":{"line":527,"column":17},"end":{"line":529,"column":13}},"254":{"start":{"line":528,"column":16},"end":{"line":528,"column":85}},"255":{"start":{"line":533,"column":4},"end":{"line":549,"column":5}},"256":{"start":{"line":534,"column":8},"end":{"line":548,"column":9}},"257":{"start":{"line":535,"column":12},"end":{"line":547,"column":13}},"258":{"start":{"line":536,"column":16},"end":{"line":546,"column":17}},"259":{"start":{"line":537,"column":20},"end":{"line":545,"column":21}},"260":{"start":{"line":538,"column":41},"end":{"line":538,"column":145}},"261":{"start":{"line":539,"column":24},"end":{"line":541,"column":25}},"262":{"start":{"line":540,"column":28},"end":{"line":540,"column":409}},"263":{"start":{"line":543,"column":25},"end":{"line":545,"column":21}},"264":{"start":{"line":544,"column":24},"end":{"line":544,"column":96}},"265":{"start":{"line":555,"column":19},"end":{"line":555,"column":23}},"266":{"start":{"line":556,"column":4},"end":{"line":562,"column":5}},"267":{"start":{"line":557,"column":8},"end":{"line":561,"column":11}},"268":{"start":{"line":558,"column":12},"end":{"line":560,"column":13}},"269":{"start":{"line":559,"column":16},"end":{"line":559,"column":33}},"270":{"start":{"line":563,"column":4},"end":{"line":563,"column":20}},"271":{"start":{"line":570,"column":21},"end":{"line":570,"column":36}},"272":{"start":{"line":571,"column":4},"end":{"line":588,"column":5}},"273":{"start":{"line":572,"column":8},"end":{"line":587,"column":9}},"274":{"start":{"line":573,"column":12},"end":{"line":586,"column":13}},"275":{"start":{"line":574,"column":26},"end":{"line":574,"column":68}},"276":{"start":{"line":576,"column":16},"end":{"line":581,"column":17}},"277":{"start":{"line":577,"column":20},"end":{"line":577,"column":108}},"278":{"start":{"line":580,"column":20},"end":{"line":580,"column":98}},"279":{"start":{"line":583,"column":16},"end":{"line":585,"column":17}},"280":{"start":{"line":584,"column":20},"end":{"line":584,"column":94}},"281":{"start":{"line":596,"column":4},"end":{"line":596,"column":60}},"282":{"start":{"line":604,"column":4},"end":{"line":606,"column":5}},"283":{"start":{"line":605,"column":8},"end":{"line":605,"column":18}},"284":{"start":{"line":607,"column":21},"end":{"line":607,"column":23}},"285":{"start":{"line":608,"column":21},"end":{"line":608,"column":23}},"286":{"start":{"line":609,"column":4},"end":{"line":617,"column":7}},"287":{"start":{"line":610,"column":8},"end":{"line":616,"column":9}},"288":{"start":{"line":611,"column":12},"end":{"line":611,"column":60}},"289":{"start":{"line":612,"column":12},"end":{"line":612,"column":31}},"290":{"start":{"line":615,"column":12},"end":{"line":615,"column":45}},"291":{"start":{"line":618,"column":4},"end":{"line":618,"column":22}},"292":{"start":{"line":627,"column":4},"end":{"line":629,"column":5}},"293":{"start":{"line":628,"column":8},"end":{"line":628,"column":18}},"294":{"start":{"line":630,"column":25},"end":{"line":630,"column":27}},"295":{"start":{"line":631,"column":27},"end":{"line":631,"column":74}},"296":{"start":{"line":632,"column":4},"end":{"line":640,"column":5}},"297":{"start":{"line":633,"column":22},"end":{"line":635,"column":10}},"298":{"start":{"line":634,"column":12},"end":{"line":634,"column":57}},"299":{"start":{"line":636,"column":8},"end":{"line":639,"column":9}},"300":{"start":{"line":637,"column":12},"end":{"line":637,"column":62}},"301":{"start":{"line":638,"column":12},"end":{"line":638,"column":37}},"302":{"start":{"line":641,"column":4},"end":{"line":641,"column":26}},"303":{"start":{"line":648,"column":4},"end":{"line":652,"column":5}},"304":{"start":{"line":649,"column":8},"end":{"line":649,"column":24}},"305":{"start":{"line":651,"column":8},"end":{"line":651,"column":21}},"306":{"start":{"line":653,"column":4},"end":{"line":653,"column":16}},"307":{"start":{"line":660,"column":4},"end":{"line":664,"column":5}},"308":{"start":{"line":661,"column":8},"end":{"line":661,"column":24}},"309":{"start":{"line":663,"column":8},"end":{"line":663,"column":21}},"310":{"start":{"line":665,"column":4},"end":{"line":665,"column":16}},"311":{"start":{"line":668,"column":0},"end":{"line":672,"column":2}}},"fnMap":{"0":{"name":"validate","decl":{"start":{"line":43,"column":15},"end":{"line":43,"column":23}},"loc":{"start":{"line":43,"column":32},"end":{"line":97,"column":1}},"line":43},"1":{"name":"(anonymous_1)","decl":{"start":{"line":79,"column":23},"end":{"line":79,"column":24}},"loc":{"start":{"line":79,"column":30},"end":{"line":84,"column":9}},"line":79},"2":{"name":"validateSchema","decl":{"start":{"line":103,"column":15},"end":{"line":103,"column":29}},"loc":{"start":{"line":103,"column":38},"end":{"line":121,"column":1}},"line":103},"3":{"name":"validateRoot","decl":{"start":{"line":126,"column":15},"end":{"line":126,"column":27}},"loc":{"start":{"line":126,"column":36},"end":{"line":138,"column":1}},"line":126},"4":{"name":"validateGroups","decl":{"start":{"line":143,"column":9},"end":{"line":143,"column":23}},"loc":{"start":{"line":143,"column":32},"end":{"line":194,"column":1}},"line":143},"5":{"name":"(anonymous_5)","decl":{"start":{"line":154,"column":26},"end":{"line":154,"column":27}},"loc":{"start":{"line":154,"column":33},"end":{"line":193,"column":5}},"line":154},"6":{"name":"validateDatasets","decl":{"start":{"line":199,"column":9},"end":{"line":199,"column":25}},"loc":{"start":{"line":199,"column":34},"end":{"line":308,"column":1}},"line":199},"7":{"name":"(anonymous_7)","decl":{"start":{"line":210,"column":28},"end":{"line":210,"column":29}},"loc":{"start":{"line":210,"column":35},"end":{"line":307,"column":5}},"line":210},"8":{"name":"(anonymous_8)","decl":{"start":{"line":256,"column":37},"end":{"line":256,"column":38}},"loc":{"start":{"line":256,"column":44},"end":{"line":279,"column":17}},"line":256},"9":{"name":"(anonymous_9)","decl":{"start":{"line":265,"column":46},"end":{"line":265,"column":47}},"loc":{"start":{"line":265,"column":53},"end":{"line":277,"column":25}},"line":265},"10":{"name":"(anonymous_10)","decl":{"start":{"line":267,"column":51},"end":{"line":267,"column":52}},"loc":{"start":{"line":267,"column":60},"end":{"line":273,"column":29}},"line":267},"11":{"name":"validateViews","decl":{"start":{"line":313,"column":15},"end":{"line":313,"column":28}},"loc":{"start":{"line":313,"column":37},"end":{"line":513,"column":1}},"line":313},"12":{"name":"(anonymous_12)","decl":{"start":{"line":432,"column":51},"end":{"line":432,"column":52}},"loc":{"start":{"line":432,"column":58},"end":{"line":447,"column":29}},"line":432},"13":{"name":"(anonymous_13)","decl":{"start":{"line":433,"column":69},"end":{"line":433,"column":70}},"loc":{"start":{"line":433,"column":76},"end":{"line":435,"column":33}},"line":433},"14":{"name":"(anonymous_14)","decl":{"start":{"line":503,"column":35},"end":{"line":503,"column":36}},"loc":{"start":{"line":503,"column":42},"end":{"line":507,"column":13}},"line":503},"15":{"name":"validateLabels","decl":{"start":{"line":518,"column":15},"end":{"line":518,"column":29}},"loc":{"start":{"line":518,"column":38},"end":{"line":550,"column":1}},"line":518},"16":{"name":"isValid","decl":{"start":{"line":554,"column":15},"end":{"line":554,"column":22}},"loc":{"start":{"line":554,"column":25},"end":{"line":564,"column":1}},"line":554},"17":{"name":"(anonymous_17)","decl":{"start":{"line":557,"column":23},"end":{"line":557,"column":24}},"loc":{"start":{"line":557,"column":30},"end":{"line":561,"column":9}},"line":557},"18":{"name":"validateQueries","decl":{"start":{"line":569,"column":15},"end":{"line":569,"column":30}},"loc":{"start":{"line":569,"column":39},"end":{"line":589,"column":1}},"line":569},"19":{"name":"logIssue","decl":{"start":{"line":595,"column":9},"end":{"line":595,"column":17}},"loc":{"start":{"line":595,"column":38},"end":{"line":597,"column":1}},"line":595},"20":{"name":"findDuplicates","decl":{"start":{"line":603,"column":9},"end":{"line":603,"column":23}},"loc":{"start":{"line":603,"column":40},"end":{"line":619,"column":1}},"line":603},"21":{"name":"(anonymous_21)","decl":{"start":{"line":609,"column":18},"end":{"line":609,"column":19}},"loc":{"start":{"line":609,"column":25},"end":{"line":617,"column":5}},"line":609},"22":{"name":"areAllColumnsAvailable","decl":{"start":{"line":626,"column":15},"end":{"line":626,"column":37}},"loc":{"start":{"line":626,"column":72},"end":{"line":642,"column":1}},"line":626},"23":{"name":"(anonymous_23)","decl":{"start":{"line":633,"column":44},"end":{"line":633,"column":45}},"loc":{"start":{"line":633,"column":51},"end":{"line":635,"column":9}},"line":633},"24":{"name":"isJsonString","decl":{"start":{"line":647,"column":9},"end":{"line":647,"column":21}},"loc":{"start":{"line":647,"column":27},"end":{"line":654,"column":1}},"line":647},"25":{"name":"isYamlString","decl":{"start":{"line":659,"column":9},"end":{"line":659,"column":21}},"loc":{"start":{"line":659,"column":27},"end":{"line":666,"column":1}},"line":659}},"branchMap":{"0":{"loc":{"start":{"line":70,"column":4},"end":{"line":74,"column":5}},"type":"if","locations":[{"start":{"line":70,"column":4},"end":{"line":74,"column":5}},{"start":{"line":70,"column":4},"end":{"line":74,"column":5}}],"line":70},"1":{"loc":{"start":{"line":78,"column":4},"end":{"line":93,"column":5}},"type":"if","locations":[{"start":{"line":78,"column":4},"end":{"line":93,"column":5}},{"start":{"line":78,"column":4},"end":{"line":93,"column":5}}],"line":78},"2":{"loc":{"start":{"line":81,"column":12},"end":{"line":83,"column":13}},"type":"if","locations":[{"start":{"line":81,"column":12},"end":{"line":83,"column":13}},{"start":{"line":81,"column":12},"end":{"line":83,"column":13}}],"line":81},"3
[...]
{"line":248,"column":11}},"110":{"start":{"line":245,"column":12},"end":{"line":247,"column":15}},"111":{"start":{"line":246,"column":16},"end":{"line":246,"column":32}},"112":{"start":{"line":252,"column":4},"end":{"line":252,"column":22}},"113":{"start":{"line":254,"column":4},"end":{"line":254,"column":30}},"114":{"start":{"line":263,"column":17},"end":{"line":263,"column":28}},"115":{"start":{"line":265,"column":14},"end":{"line":265,"column":46}},"116":{"start":{"line":266,"column":20},"end":{"line":266,"column":69}},"117":{"start":{"line":267,"column":4},"end":{"line":267,"column":50}},"118":{"start":{"line":269,"column":22},"end":{"line":269,"column":76}},"119":{"start":{"line":270,"column":4},"end":{"line":272,"column":5}},"120":{"start":{"line":271,"column":8},"end":{"line":271,"column":63}},"121":{"start":{"line":275,"column":4},"end":{"line":275,"column":17}},"122":{"start":{"line":277,"column":4},"end":{"line":277,"column":35}},"123":{"start":{"line":278,"column":4},"end":{"line":278,"column":64}},"124":{"start":{"line":279,"column":4},"end":{"line":279,"column":18}},"125":{"start":{"line":280,"column":4},"end":{"line":280,"column":33}},"126":{"start":{"line":282,"column":20},"end":{"line":282,"column":29}},"127":{"start":{"line":283,"column":4},"end":{"line":283,"column":69}},"128":{"start":{"line":285,"column":4},"end":{"line":287,"column":5}},"129":{"start":{"line":286,"column":8},"end":{"line":286,"column":60}},"130":{"start":{"line":289,"column":4},"end":{"line":289,"column":50}},"131":{"start":{"line":290,"column":4},"end":{"line":290,"column":17}},"132":{"start":{"line":292,"column":4},"end":{"line":292,"column":48}},"133":{"start":{"line":294,"column":4},"end":{"line":294,"column":27}},"134":{"start":{"line":295,"column":4},"end":{"line":295,"column":86}},"135":{"start":{"line":297,"column":4},"end":{"line":297,"column":22}},"136":{"start":{"line":306,"column":17},"end":{"line":306,"column":28}},"137":{"start":{"line":307,"column":14},"end":{"line":307,"column":16}},"138":{"start":{"line":308,"column":21},"end":{"line":308,"column":26}},"139":{"start":{"line":309,"column":22},"end":{"line":309,"column":40}},"140":{"start":{"line":310,"column":4},"end":{"line":313,"column":5}},"141":{"start":{"line":311,"column":8},"end":{"line":311,"column":36}},"142":{"start":{"line":312,"column":8},"end":{"line":312,"column":26}},"143":{"start":{"line":315,"column":33},"end":{"line":315,"column":96}},"144":{"start":{"line":316,"column":40},"end":{"line":316,"column":110}},"145":{"start":{"line":317,"column":4},"end":{"line":330,"column":5}},"146":{"start":{"line":318,"column":8},"end":{"line":318,"column":50}},"147":{"start":{"line":319,"column":27},"end":{"line":319,"column":91}},"148":{"start":{"line":320,"column":8},"end":{"line":322,"column":9}},"149":{"start":{"line":321,"column":12},"end":{"line":321,"column":68}},"150":{"start":{"line":324,"column":9},"end":{"line":330,"column":5}},"151":{"start":{"line":325,"column":8},"end":{"line":325,"column":48}},"152":{"start":{"line":326,"column":27},"end":{"line":326,"column":89}},"153":{"start":{"line":327,"column":8},"end":{"line":329,"column":9}},"154":{"start":{"line":328,"column":12},"end":{"line":328,"column":68}},"155":{"start":{"line":332,"column":4},"end":{"line":332,"column":22}},"156":{"start":{"line":340,"column":16},"end":{"line":340,"column":33}},"157":{"start":{"line":341,"column":4},"end":{"line":341,"column":73}},"158":{"start":{"line":344,"column":0},"end":{"line":346,"column":2}},"159":{"start":{"line":348,"column":0},"end":{"line":350,"column":1}},"160":{"start":{"line":349,"column":4},"end":{"line":349,"column":47}}},"fnMap":{"0":{"name":"generateSql","decl":{"start":{"line":28,"column":15},"end":{"line":28,"column":26}},"loc":{"start":{"line":28,"column":56},"end":{"line":55,"column":1}},"line":28},"1":{"name":"generateSqlWithoutPublicAccess","decl":{"start":{"line":62,"column":15},"end":{"line":62,"column":45}},"loc":{"start":{"line":62,"column":75},"end":{"line":69,"column":1}},"line":62},"2":{"name":"generateSelectStatement","decl":{"start":{"line":76,"column":15},"end":{"line":76,"column":38}},"loc":{"start":{"line":76,"column":66},"end":{"line":114,"column":1}},"line":76},"3":{"name":"generateDatasetEntitySubquery","decl":{"start":{"line":121,"column":15},"end":{"line":121,"column":44}},"loc":{"start":{"line":121,"column":74},"end":{"line":148,"column":1}},"line":121},"4":{"name":"generateLocalEntitySubquery","decl":{"start":{"line":155,"column":15},"end":{"line":155,"column":42}},"loc":{"start":{"line":155,"column":72},"end":{"line":211,"column":1}},"line":155},"5":{"name":"(anonymous_5)","decl":{"start":{"line":163,"column":43},"end":{"line":163,"column":44}},"loc":{"start":{"line":163,"column":50},"end":{"line":165,"column":9}},"line":163},"6":{"name":"(anonymous_6)","decl":{"start":{"line":189,"column":29},"end":{"line":189,"column":30}},"loc":{"start":{"line":189,"column":40},"end":{"line":200,"column":9}},"line":189},"7":{"name":"prependLines","decl":{"start":{"line":218,"column":15},"end":{"line":218,"column":27}},"loc":{"start":{"line":218,"column":60},"end":{"line":255,"column":1}},"line":218},"8":{"name":"(anonymous_8)","decl":{"start":{"line":237,"column":18},"end":{"line":237,"column":19}},"loc":{"start":{"line":237,"column":28},"end":{"line":241,"column":5}},"line":237},"9":{"name":"getOutput","decl":{"start":{"line":243,"column":13},"end":{"line":243,"column":22}},"loc":{"start":{"line":243,"column":25},"end":{"line":249,"column":5}},"line":243},"10":{"name":"(anonymous_10)","decl":{"start":{"line":244,"column":27},"end":{"line":244,"column":28}},"loc":{"start":{"line":244,"column":48},"end":{"line":248,"column":9}},"line":244},"11":{"name":"(anonymous_11)","decl":{"start":{"line":245,"column":27},"end":{"line":245,"column":28}},"loc":{"start":{"line":245,"column":33},"end":{"line":247,"column":13}},"line":245},"12":{"name":"generateSqlWithPublicAccess","decl":{"start":{"line":262,"column":15},"end":{"line":262,"column":42}},"loc":{"start":{"line":262,"column":72},"end":{"line":298,"column":1}},"line":262},"13":{"name":"generateWhereClause","decl":{"start":{"line":305,"column":15},"end":{"line":305,"column":34}},"loc":{"start":{"line":305,"column":64},"end":{"line":333,"column":1}},"line":305},"14":{"name":"prepareCustomSql","decl":{"start":{"line":339,"column":9},"end":{"line":339,"column":25}},"loc":{"start":{"line":339,"column":40},"end":{"line":342,"column":1}},"line":339}},"branchMap":{"0":{"loc":{"start":{"line":30,"column":4},"end":{"line":43,"column":5}},"type":"if","locations":[{"start":{"line":30,"column":4},"end":{"line":43,"column":5}},{"start":{"line":30,"column":4},"end":{"line":43,"column":5}}],"line":30},"1":{"loc":{"start":{"line":35,"column":8},"end":{"line":42,"column":9}},"type":"if","locations":[{"start":{"line":35,"column":8},"end":{"line":42,"column":9}},{"start":{"line":35,"column":8},"end":{"line":42,"column":9}}],"line":35},"2":{"loc":{"start":{"line":47,"column":4},"end":{"line":54,"column":5}},"type":"if","locations":[{"start":{"line":47,"column":4},"end":{"line":54,"column":5}},{"start":{"line":47,"column":4},"end":{"line":54,"column":5}}],"line":47},"3":{"loc":{"start":{"line":47,"column":8},"end":{"line":47,"column":87}},"type":"binary-expr","locations":[{"start":{"line":47,"column":8},"end":{"line":47,"column":41}},{"start":{"line":47,"column":45},"end":{"line":47,"column":60}},{"start":{"line":47,"column":64},"end":{"line":47,"column":87}}],"line":47},"4":{"loc":{"start":{"line":65,"column":4},"end":{"line":67,"column":5}},"type":"if","locations":[{"start":{"line":65,"column":4},"end":{"line":67,"column":5}},{"start":{"line":65,"column":4},"end":{"line":67,"column":5}}],"line":65},"5":{"loc":{"start":{"line":82,"column":4},"end":{"line":106,"column":5}},"type":"if","locations":[{"start":{"line":82,"column":4},"end":{"line":106,"column":5}},{"start":{"line":82,"column":4},"end":{"line":106,"column":5}}],"line":82},"6":{"loc":{"start":{"line":82,"column":8},"end":{"line":82,"column":51}},"type":"binary-expr","locations":[{"start":{"line":82,"column":8},"end":{"line":82,"column":22}},{"start":{"line":82,"column":26},"end":{"line":82,"column":51}}],"line":82},"7":{"loc":{"start":{"line":87,"column":12},"end":{"line":90,"column":13}},"type":"if","locations":[{"start":{"line":87,"column":12},"end":{"line":90,"column":13}},{"start":{"line":87,"column":12},"end":{"line":90,"column":13}}],"line":87},"8":{"loc":{"start":{"line":94,"column":9},"end":{"line":106,"column":5}},"type":"if","locations":[{"start":{"line":94,"column":9},"end":{"line":106,"column":5}},{"start":{"line":94,"column":9},"end":{"line":106,"column":5}}],"line":94},"9":{"loc":{"start":{"line":94,"column":13},"end":{"line":94,"column":54}},"type":"binary-expr","locations":[{"start":{"line":94,"column":13},"end":{"line":94,"column":26}},{"start":{"line":94,"column":30},"end":{"line":94,"column":54}}],"line":94},"10":{"loc":{"start":{"line":97,"column":8},"end":{"line":101,"column":9}},"type":"if","locations":[{"start":{"line":97,"column":8},"end":{"line":101,"column":9}},{"start":{"line":97,"column":8},"end":{"line":101,"column":9}}],"line":97},"11":{"loc":{"start":{"line":108,"column":4},"end":{"line":111,"column":5}},"type":"if","locations":[{"start":{"line":108,"column":4},"end":{"line":111,"column":5}},{"start":{"line":108,"column":4},"end":{"line":111,"column":5}}],"line":108},"12":{"loc":{"start":{"line":123,"column":33},"end":{"line":123,"column":70}},"type":"binary-expr","locations":[{"start":{"line":123,"column":33},"end":{"line":123,"column":61}},{"start":{"line":123,"column":65},"end":{"line":123,"column":70}}],"line":123},"13":{"loc":{"start":{"line":124,"column":40},"end":{"line":124,"column":84}},"type":"binary-expr","locations":[{"start":{"line":124,"column":40},"end":{"line":124,"column":75}},{"start":{"line":124,"column":79},"end":{"line":124,"column":84}}],"line":124},"14":{"loc":{"start":{"line":128,"column":4},"end":{"line":146,"column":5}},"type":"if","locations":[{"start":{"line":128,"column":4},"end":{"line":146,"column":5}},{"start":{"line":128,"column":4},"end":{"line":146,"column":5}}],"line":128},"15":{"loc":{"start":{"line":128,"column":8},"end":{"line":129,"column":97}},"type":"binary-expr","locations":[{"start":{"line":128,"column":8},"end":{"line":128,"column":37}},{"start":{"line":128,"column":41},"end":{"line":128,"column":77}},{"start":{"line":129,"column":8},"end":{"line":129,"column":32}},{"start":{"line":129,"column":36},"end":{"line":129,"column":66}},{"start":{"line":129,"column":70},"end":{"line":129,"column":97}}],"line":128},"16":{"loc":{"start":{"line":132,"column":25},"end":{"line":132,"column":106}},"type":"binary-expr","locations":[{"start":{"line":132,"column":25},"end":{"line":132,"column":58}},{"start":{"line":132,"column":62},"end":{"line":132,"column":106}}],"line":132},"17":{"loc":{"start":{"line":133,"column":8},"end":{"line":141,"column":9}},"type":"if","locations":[{"start":{"line":133,"column":8},"end":{"line":141,"column":9}},{"start":{"line":133,"column":8},"end":{"line":141,"column":9}}],"line":133},"18":{"loc":{"start":{"line":157,"column":33},"end":{"line":157,"column":70}},"type":"binary-expr","locations":[{"start":{"line":157,"column":33},"end":{"line":157,"column":61}},{"start":{"line":157,"column":65},"end":{"line":157,"column":70}}],"line":157},"19":{"loc":{"start":{"line":161,"column":4},"end":{"line":209,"column":5}},"type":"if","locations":[{"start":{"line":161,"column":4},"end":{"line":209,"column":5}},{"start":{"line":161,"column":4},"end":{"line":209,"column":5}}],"line":161},"20":{"loc":{"start":{"line":161,"column":8},"end":{"line":161,"column":65}},"type":"binary-expr","locations":[{"start":{"line":161,"column":8},"end":{"line":161,"column":37}},{"start":{"line":161,"column":41},"end":{"line":161,"column":65}}],"line":161},"21":{"loc":{"start":{"line":162,"column":38},"end":{"line":162,"column":71}},"type":"binary-expr","locations":[{"start":{"line":162,"column":38},"end":{"line":162,"column":65}},{"start":{"line":162,"column":69},"end":{"line":162,"column":71}}],"line":162},"22":{"loc":{"start":{"line":163,"column":22},"end":{"line":165,"column":16}},"type":"binary-expr","locations":[{"start":{"line":163,"column":22},"end":{"line":165,"column":10}},{"start":{"line":165,"column":14},"end":{"line":165,"column":16}}],"line":163},"23":{"loc":{"start":{"line":171,"column":8},"end":{"line":173,"column":9}},"type":"if","locations":[{"start":{"line":171,"column":8},"end":{"line":173,"column":9}},{"start":{"line":171,"column":8},"end":{"line":173,"column":9}}],"line":171},"24":{"loc":{"start":{"line":177,"column":30},"end":{"line":177,"column":111}},"type":"binary-expr","locations":[{"start":{"line":177,"column":30},"end":{"line":177,"column":63}},{"start":{"line":177,"column":67},"end":{"line":177,"column":111}}],"line":177},"25":{"loc":{"start":{"line":178,"column":8},"end":{"line":186,"column":9}},"type":"if","locations":[{"start":{"line":178,"column":8},"end":{"line":186,"column":9}},{"start":{"line":178,"column":8},"end":{"line":186,"column":9}}],"line":178},"26":{"loc":{"start":{"line":190,"column":12},"end":{"line":192,"column":13}},"type":"if","locations":[{"start":{"line":190,"column":12},"end":{"line":192,"column":13}},{"start":{"line":190,"column":12},"end":{"line":192,"column":13}}],"line":190},"27":{"loc":{"start":{"line":193,"column":12},"end":{"line":198,"column":13}},"type":"if","locations":[{"start":{"line":193,"column":12},"end":{"line":198,"column":13}},{"start":{"line":193,"column":12},"end":{"line":198,"column":13}}],"line":193},"28":{"loc":{"start":{"line":203,"column":8},"end":{"line":206,"column":9}},"type":"if","locations":[{"start":{"line":203,"column":8},"end":{"line":206,"column":9}},{"start":{"line":203,"column":8},"end":{"line":206,"column":9}}],"line":203},"29":{"loc":{"start":{"line":238,"column":8},"end":{"line":240,"column":9}},"type":"if","locations":[{"start":{"line":238,"column":8},"end":{"line":240,"column":9}},{"start":{"line":238,"column":8},"end":{"line":240,"column":9}}],"line":238},"30":{"loc":{"start":{"line":270,"column":4},"end":{"line":272,"column":5}},"type":"if","locations":[{"start":{"line":270,"column":4},"end":{"line":272,"column":5}},{"start":{"line":270,"column":4},"end":{"line":272,"column":5}}],"line":270},"31":{"loc":{"start":{"line":285,"column":4},"end":{"line":287,"column":5}},"type":"if","locations":[{"start":{"line":285,"column":4},"end":{"line":287,"column":5}},{"start":{"line":285,"column":4},"end":{"line":287,"column":5}}],"line":285},"32":{"loc":{"start":{"line":310,"column":4},"end":{"line":313,"column":5}},"type":"if","locations":[{"start":{"line":310,"column":4},"end":{"line":313,"column":5}},{"start":{"line":310,"column":4},"end":{"line":313,"column":5}}],"line":310},"33":{"loc":{"start":{"line":310,"column":8},"end":{"line":310,"column":62}},"type":"binary-expr","locations":[{"start":{"line":310,"column":8},"end":{"line":310,"column":31}},{"start":{"line":310,"column":35},"end":{"line":310,"column":62}}],"line":310},"34":{"loc":{"start":{"line":315,"column":33},"end":{"line":315,"column":96}},"type":"binary-expr","locations":[{"start":{"line":315,"column":34},"end":{"line":315,"column":54}},{"start":{"line":315,"column":58},"end":{"line":315,"column":86}},{"start":{"line":315,"column":91},"end":{"line":315,"column":96}}],"line":315},"35":{"loc":{"start":{"line":316,"column":40},"end":{"line":316,"column":110}},"type":"binary-expr","locations":[{"start":{"line":316,"column":41},"end":{"line":316,"column":61}},{"start":{"line":316,"column":65},"end":{"line":316,"column":100}},{"start":{"line":316,"column":105},"end":{"line":316,"column":110}}],"line":316},"36":{"loc":{"start":{"line":317,"column":4},"end":{"line":330,"column":5}},"type":"if","locations":[{"start":{"line":317,"column":4},"end":{"line":330,"column":5}},{"start":{"line":317,"column":4},"end":{"line":330,"column":5}}],"line":317},"37":{"loc":{"start":{"line":317,"column":8},"end":{"line":317,"column":77}},"type":"binary-expr","locations":[{"start":{"line":317,"column":8},"end":{"line":317,"column":37}},{"start":{"line":317,"column":41},"end":{"line":317,"column":77}}],"line":317},"38":{"loc":{"start":{"line":320,"column":8},"end":{"line":322,"column":9}},"type":"if","locations":[{"start":{"line":320,"column":8},"end":{"line":322,"column":9}},{"start":{"line":320,"column":8},"end":{"line":322,"column":9}}],"line":320},"39":{"loc":{"start":{"line":321,"column":20},"end":{"line":321,"column":51}},"type":"cond-expr","locations":[{"start":{"line":321,"column":33},"end":{"line":321,"column":40}},{"start":{"line":321,"column":43},"end":{"line":321,"column":51}}],"line":321},"40":{"loc":{"start":{"line":324,"column":9},"end":{"line":330,"column":5}},"type":"if","locations":[{"start":{"line":324,"column":9},"end":{"line":330,"column":5}},{"start":{"line":324,"column":9},"end":{"line":330,"column":5}}],"line":324},"41":{"loc":{"start":{"line":324,"column":13},"end":{"line":324,"column":83}},"type":"binary-expr","locations":[{"start":{"line":324,"column":13},"end":{"line":324,"column":42}},{"start":{"line":324,"column":46},"end":{"line":324,"column":83}}],"line":324},"42":{"loc":{"start":{"line":327,"column":8},"end":{"line":329,"column":9}},"type":"if","locations":[{"start":{"line":327,"column":8},"end":{"line":329,"column":9}},{"start":{"line":327,"column":8},"end":{"line":329,"column":9}}],"line":327},"43":{"loc":{"start":{"line":328,"column":20},"end":{"line":328,"column":51}},"type":"cond-expr","locations":[{"start":{"line":328,"column":33},"end":{"line":328,"column":40}},{"start":{"line":328,"column":43},"end":{"line":328,"column":51}}],"line":328},"44":{"loc":{"start":{"line":348,"column":0},"end":{"line":350,"column":1}},"type":"if","locations":[{"start":{"line":348,"column":0},"end":{"line":350,"column":1}},{"start":{"line":348,"column":0},"end":{"line":350,"column":1}}],"line":348}},"s":{"0":1,"1":1,"2":1,"3":2,"4":0,"5":0,"6":2,"7":1,"8":1,"9":1,"10":1,"11":2,"12":0,"13":0,"14":0,"15":2,"16":1,"17":1,"18":1,"19":1,"20":1,"21":2,"22":2,"23":2,"24":2,"25":2,"26":0,"27":0,"28":0,"29":0,"30":0,"31":2,"32":0,"33":0,"34":0,"35":0,"36":0,"37":2,"38":2,"39":2,"40":2,"41":2,"42":0,"43":0,"44":0,"45":0,"46":0,"47":0,"48":0,"49":0,"50":0,"51":0,"52":0,"53":0,"54":0,"55":0,"56":0,"57":0,"58":0,"59":0,"60":0,"61":2,"62":2,"63":2,"64":2,"65":2,"66":2,"67":2,"68":3,"69":2,"70":2,"71":2,"72":2,"73":0,"74":2,"75":2,"76":2,"77":0,"78":0,"79":0,"80":0,"81":2,"82":2,"83":2,"84":15,"85":1,"86":14,"87":2,"88":12,"89":14,"90":2,"91":2,"92":0,"93":0,"94":2,"95":0,"96":4,"97":4,"98":4,"99":4,"100":4,"101":4,"102":4,"103":4,"104":4,"105":4,"106":4,"107":10,"108":10,"109":4,"110":4,"111":4,"112":4,"113":4,"114":1,"115":1,"116":1,"117":1,"118":1,"119":1,"120":1,"121":1,"122":1,"123":1,"124":1,"125":1,"126":1,"127":1,"128":1,"129":1,"130":1,"131":1,"132":1,"133":1,"134":1,"135":1,"136":2,"137":2,"138":2,"139":2,"140":2,"141":0,"142":0,"143":2,"144":2,"145":2,"146":0,"147":0,"148":0,"149":0,"150":2,"151":2,"152":2,"153":2,"154":2,"155":2,"156":0,"157":0,"158":1,"159":1,"160":1},"f":{"0":2,"1":1,"2":2,"3":0,"4":2,"5":3,"6":15,"7":4,"8":10,"9":4,"10":4,"11":4,"12":1,"13":2,"14":0},"b":{"0":[0,2],"1":[1,1],"2":[0,2],"3":[2,1,1],"4":[1,0],"5":[0,2],"6":[2,0],"7":[0,0],"8":[0,2],"9":[2,0],"10":[0,0],"11":[2,0],"12":[0,0],"13":[0,0],"14":[0,0],"15":[0,0,0,0,0],"16":[0,0],"17":[0,0],"18":[2,0],"19":[2,0],"20":[2,2],"21":[2,1],"22":[2,0],"23":[0,2],"24":[2,0],"25":[0,2],"26":[1,14],"27":[2,12],"28":[0,2],"29":[10,0],"30":[1,0],"31":[1,0],"32":[0,2],"33":[2,0],"34":[2,2,0],"35":[2,2,2],"36":[0,2],"37":[2,2],"38":[0,0],"39":[0,0],"40":[2,0],"41":[2,2],"42":[2,0],"43":[0,2],"44":[1,0]},"_coverageSchema":"43e27e138ebf9cfc5966b082cf9a028302ed4184","hash":"db836761af5ce0f2470c8365c18631053f588f98","contentHash":"4c321ef59069a22fa466a2f84a449defb389e6f391bdb0ad125ef7bb99041655"}}